\BOOKMARK [0][-]{chapter.1}{\376\377\000I\000n\000t\000r\000o\000d\000u\000c\000t\000i\000o\000n}{}% 1
\BOOKMARK [0][-]{chapter.2}{\376\377\000B\000a\000c\000k\000g\000r\000o\000u\000n\000d\000\040\000T\000h\000e\000o\000r\000y}{}% 2
\BOOKMARK [1][-]{section.2.1}{\376\377\000M\000a\000g\000n\000e\000t\000i\000s\000m}{chapter.2}% 3
\BOOKMARK [2][-]{subsection.2.1.1}{\376\377\000M\000a\000g\000n\000e\000t\000i\000c\000\040\000D\000i\000p\000o\000l\000e}{section.2.1}% 4
\BOOKMARK [2][-]{subsection.2.1.2}{\376\377\000G\000y\000r\000o\000m\000a\000g\000n\000e\000t\000i\000c\000\040\000R\000a\000t\000i\000o}{section.2.1}% 5
\BOOKMARK [2][-]{subsection.2.1.3}{\376\377\000g\000-\000f\000a\000c\000t\000o\000r}{section.2.1}% 6
\BOOKMARK [1][-]{section.2.2}{\376\377\000S\000p\000i\000n}{chapter.2}% 7
\BOOKMARK [1][-]{section.2.3}{\376\377\000Z\000e\000e\000m\000a\000n\000\040\000E\000f\000f\000e\000c\000t}{chapter.2}% 8
\BOOKMARK [1][-]{section.2.4}{\376\377\000S\000p\000i\000n\000-\000O\000r\000b\000i\000t\000\040\000I\000n\000t\000e\000r\000a\000c\000t\000i\000o\000n}{chapter.2}% 9
\BOOKMARK [1][-]{section.2.5}{\376\377\000P\000e\000r\000t\000u\000r\000b\000a\000t\000i\000o\000n\000\040\000T\000h\000e\000o\000r\000y}{chapter.2}% 10
\BOOKMARK [1][-]{section.2.6}{\376\377\000Z\000e\000r\000o\000\040\000F\000i\000e\000l\000d\000\040\000S\000p\000l\000i\000t\000t\000i\000n\000g}{chapter.2}% 11
\BOOKMARK [2][-]{subsection.2.6.1}{\376\377\000F\000i\000n\000e\000\040\000S\000t\000r\000u\000c\000t\000u\000r\000e}{section.2.6}% 12
\BOOKMARK [2][-]{subsection.2.6.2}{\376\377\000D\000i\000p\000o\000l\000e\000-\000D\000i\000p\000o\000l\000e\000\040\000I\000n\000t\000e\000r\000a\000c\000t\000i\000o\000n}{section.2.6}% 13
\BOOKMARK [2][-]{subsection.2.6.3}{\376\377\000Z\000e\000r\000o\000\040\000F\000i\000e\000l\000d\000\040\000S\000p\000l\000i\000t\000t\000i\000n\000g\000\040\000H\000a\000m\000i\000l\000t\000o\000n\000i\000a\000n}{section.2.6}% 14
\BOOKMARK [1][-]{section.2.7}{\376\377\000N\000u\000c\000l\000e\000a\000r\000\040\000H\000a\000m\000i\000l\000t\000o\000n\000i\000a\000n\000s}{chapter.2}% 15
\BOOKMARK [2][-]{subsection.2.7.1}{}{section.2.7}% 16
\BOOKMARK [2][-]{subsection.2.7.2}{}{section.2.7}% 17
\BOOKMARK [2][-]{subsection.2.7.3}{}{section.2.7}% 18
\BOOKMARK [1][-]{section.2.8}{\376\377\000S\000t\000a\000r\000k\000\040\000E\000f\000f\000e\000c\000t}{chapter.2}% 19
\BOOKMARK [1][-]{section.2.9}{\376\377\000T\000o\000t\000a\000l\000\040\000H\000a\000m\000i\000l\000t\000o\000n\000i\000a\000n}{chapter.2}% 20
\BOOKMARK [1][-]{section.2.10}{\376\377\000S\000p\000i\000n\000\040\000H\000a\000m\000i\000l\000t\000o\000n\000i\000a\000n}{chapter.2}% 21
\BOOKMARK [1][-]{section.2.11}{\376\377\000S\000t\000r\000a\000i\000n\000\040\000a\000n\000d\000\040\000P\000r\000e\000s\000s\000u\000r\000e}{chapter.2}% 22
\BOOKMARK [1][-]{section.2.12}{\376\377\000Q\000u\000a\000n\000t\000u\000m\000\040\000S\000e\000n\000s\000i\000n\000g}{chapter.2}% 23
\BOOKMARK [2][-]{subsection.2.12.1}{\376\377\000D\000i\000V\000i\000n\000c\000e\000n\000z\000o\000\040\000C\000r\000i\000t\000e\000r\000i\000a}{section.2.12}% 24
\BOOKMARK [2][-]{subsection.2.12.2}{\376\377\000C\000r\000y\000s\000t\000a\000l\000\040\000D\000e\000f\000e\000c\000t\000s}{section.2.12}% 25
\BOOKMARK [2][-]{subsection.2.12.3}{\376\377\000C\000o\000h\000e\000r\000e\000n\000c\000e}{section.2.12}% 26
\BOOKMARK [2][-]{subsection.2.12.4}{\376\377\000S\000e\000n\000s\000i\000t\000i\000v\000i\000t\000y}{section.2.12}% 27
\BOOKMARK [1][-]{section.2.13}{\376\377\000S\000p\000i\000n\000\040\000P\000o\000p\000u\000l\000a\000t\000i\000o\000n}{chapter.2}% 28
\BOOKMARK [1][-]{section.2.14}{\376\377\000O\000p\000t\000i\000c\000a\000l\000\040\000P\000o\000l\000a\000r\000i\000s\000a\000t\000i\000o\000n}{chapter.2}% 29
\BOOKMARK [1][-]{section.2.15}{\376\377\000O\000D\000M\000R}{chapter.2}% 30
\BOOKMARK [1][-]{section.2.16}{\376\377\000S\000i\000l\000i\000c\000o\000n\000\040\000C\000a\000r\000b\000i\000d\000e}{chapter.2}% 31
\BOOKMARK [2][-]{subsection.2.16.1}{\376\377\000P\000r\000o\000d\000u\000c\000t\000i\000o\000n\000\040\000o\000f\000\040\000S\000i\000C}{section.2.16}% 32
\BOOKMARK [2][-]{subsection.2.16.2}{\376\377\000C\000o\000l\000o\000u\000r\000\040\000D\000e\000f\000e\000c\000t\000s\000\040\000i\000n\000\040\000S\000i\000C}{section.2.16}% 33
\BOOKMARK [1][-]{section.2.17}{\376\377\000M\000u\000l\000t\000i\000m\000o\000d\000a\000l\000\040\000S\000e\000n\000s\000o\000r\000s}{chapter.2}% 34
\BOOKMARK [0][-]{chapter.3}{\376\377\000D\000e\000s\000i\000g\000n}{}% 35
\BOOKMARK [1][-]{section.3.1}{\376\377\000S\000=\0001\000\040\000M\000a\000g\000n\000e\000t\000o\000m\000e\000t\000r\000y}{chapter.3}% 36
\BOOKMARK [2][-]{subsection.3.1.1}{\376\377\000\040\000P\000a\000r\000a\000l\000l\000e\000l\000\040\000t\000o\000\040\000D\000e\000f\000e\000c\000t\000\040\000A\000x\000i\000s}{section.3.1}% 37
\BOOKMARK [2][-]{subsection.3.1.2}{\376\377\000S\000=\0001\000\040\000V\000e\000c\000t\000o\000r\000\040\000M\000a\000g\000n\000e\000t\000o\000m\000e\000t\000r\000y}{section.3.1}% 38
\BOOKMARK [1][-]{section.3.2}{\376\377\000S\000\040\000=\000\040\0003\000/\0002\000\040\000M\000a\000g\000n\000e\000t\000o\000m\000e\000t\000r\000y}{chapter.3}% 39
\BOOKMARK [2][-]{subsection.3.2.1}{\376\377\000S\000=\0003\000/\0002\000\040\000A\000n\000g\000l\000e\000\040\000R\000e\000s\000o\000l\000v\000e\000d\000\040\000M\000a\000g\000n\000e\000t\000o\000m\000e\000t\000r\000y}{section.3.2}% 40
\BOOKMARK [2][-]{subsection.3.2.2}{\376\377\000S\000\040\000=\000\040\0003\000/\0002\000\040\000V\000e\000c\000t\000o\000r\000\040\000M\000a\000g\000n\000e\000t\000o\000m\000e\000t\000r\000y}{section.3.2}% 41
\BOOKMARK [1][-]{section.3.3}{\376\377\000S\000e\000n\000s\000i\000n\000g\000\040\000P\000r\000e\000s\000s\000u\000r\000e\000*}{chapter.3}% 42
\BOOKMARK [1][-]{section.3.4}{\376\377\000S\000=\0001\000\040\000T\000h\000e\000r\000m\000o\000m\000e\000t\000r\000y}{chapter.3}% 43
\BOOKMARK [1][-]{section.3.5}{\376\377\000S\000=\000\040\0003\000/\0002\000\040\000T\000h\000e\000r\000m\000o\000m\000e\000t\000r\000y}{chapter.3}% 44
\BOOKMARK [1][-]{section.3.6}{\376\377\000S\000\040\000=\000\040\0001\000\040\000E\000l\000e\000c\000t\000o\000m\000e\000t\000r\000y}{chapter.3}% 45
\BOOKMARK [1][-]{section.3.7}{\376\377\000S\000=\0003\000/\0002\000\040\000E\000l\000e\000c\000t\000r\000o\000m\000e\000t\000r\000y}{chapter.3}% 46
\BOOKMARK [1][-]{section.3.8}{\376\377\000S\000e\000n\000s\000i\000n\000g\000\040\000S\000t\000r\000a\000i\000n\000*}{chapter.3}% 47
\BOOKMARK [1][-]{section.3.9}{\376\377\000M\000u\000l\000t\000i\000m\000o\000d\000a\000l\000i\000t\000y}{chapter.3}% 48
\BOOKMARK [2][-]{subsection.3.9.1}{\376\377\000|\000|\000\040\000a\000n\000d\000\040\000T}{section.3.9}% 49
\BOOKMARK [2][-]{subsection.3.9.2}{\376\377\000A\000n\000g\000l\000e\000\040\000R\000e\000s\000o\000l\000v\000e\000d\000\040\000|\000|\000\040\000a\000n\000d\000\040\000T}{section.3.9}% 50
\BOOKMARK [2][-]{subsection.3.9.3}{\376\377\000\040\000a\000n\000d\000\040\000T}{section.3.9}% 51
\BOOKMARK [2][-]{subsection.3.9.4}{\376\377\000|\000|\000,\000\040\000|\000|\000\040\000a\000n\000d\000\040\000T}{section.3.9}% 52
\BOOKMARK [2][-]{subsection.3.9.5}{\376\377\000,\000\040\000\040\000a\000n\000d\000\040\000T}{section.3.9}% 53
\BOOKMARK [0][-]{chapter.4}{\376\377\000R\000e\000s\000u\000l\000t\000s\000\040\000a\000n\000d\000\040\000A\000n\000a\000l\000y\000s\000i\000s}{}% 54
\BOOKMARK [0][-]{chapter.5}{\376\377\000C\000o\000n\000c\000l\000u\000s\000i\000o\000n\000s}{}% 55
\BOOKMARK [1][-]{section.5.1}{\376\377\000M\000u\000l\000t\000i\000m\000o\000d\000a\000l\000\040\000S\000p\000i\000n\000\040\000B\000a\000s\000e\000d\000\040\000S\000e\000n\000s\000o\000r\000s}{chapter.5}% 56
\BOOKMARK [1][-]{section.5.2}{\376\377\000W\000i\000d\000e\000r\000\040\000S\000c\000i\000e\000n\000t\000i\000f\000i\000c\000\040\000C\000o\000n\000t\000e\000x\000t}{chapter.5}% 57
\BOOKMARK [1][-]{section.5.3}{\376\377\000F\000u\000t\000u\000r\000e\000\040\000W\000o\000r\000k}{chapter.5}% 58
\BOOKMARK [0][-]{section*.55}{\376\377\000I\000n\000d\000e\000x\000\040\000o\000f\000\040\000T\000e\000r\000m\000s}{}% 59
