This is LuaHBTeX, Version 1.14.0 (TeX Live 2022/dev/Debian)  (format=lualatex 2024.4.4)  22 AUG 2024 11:36
 system commands enabled.
**main.tex
(./main.tex
LaTeX2e <2021-11-15> patch level 1
Lua module: luaotfload 2021-05-21 3.18 Lua based OpenType font support
Lua module: lualibs 2021-05-20 2.74 ConTeXt Lua standard libraries.
Lua module: lualibs-extended 2021-05-20 2.74 ConTeXt Lua libraries -- extended collection.
luaotfload | conf : Root cache directory is "/home/conner/.texlive2021/texmf-var/luatex-cache/generic/names".
luaotfload | init : Loading fontloader "fontloader-2021-05-20.lua" from kpse-resolved path "/usr/share/texlive/texmf-dist/tex/luatex/luaotfload/fontloader-2021-05-20.lua".
Lua-only attribute luaotfload@noligature = 1
Lua-only attribute luaotfload@syllabe = 2
luaotfload | init : Context OpenType loader version 3.116
Inserting `luaotfload.node_processor' at position 1 in `pre_linebreak_filter'.
Inserting `luaotfload.node_processor' at position 1 in `hpack_filter'.
Inserting `luaotfload.glyph_stream' at position 1 in `glyph_stream_provider'.
Inserting `luaotfload.define_font' at position 1 in `define_font'.
Lua-only attribute luaotfload_color_attribute = 3
luaotfload | conf : Root cache directory is "/home/conner/.texlive2021/texmf-var/luatex-cache/generic/names".
Inserting `luaotfload.harf.strip_prefix' at position 1 in `find_opentype_file'.
Inserting `luaotfload.harf.strip_prefix' at position 1 in `find_truetype_file'.
Inserting `luaotfload.harf.finalize_vlist' at position 1 in `post_linebreak_filter'.
Inserting `luaotfload.harf.finalize_hlist' at position 2 in `hpack_filter'.
Inserting `luaotfload.cleanup_files' at position 1 in `wrapup_run'.
Inserting `luaotfload.harf.finalize_unicode' at position 1 in `finish_pdffile'.
Inserting `luaotfload.glyphinfo' at position 1 in `glyph_info'.
Lua-only attribute luaotfload.letterspace_done = 4
Inserting `luaotfload.aux.set_sscale_dimens' at position 1 in `luaotfload.patch_font'.
Inserting `luaotfload.aux.set_font_index' at position 2 in `luaotfload.patch_font'.
Inserting `luaotfload.aux.patch_cambria_domh' at position 3 in `luaotfload.patch_font'.
Inserting `luaotfload.aux.fixup_fontdata' at position 1 in `luaotfload.patch_font_unsafe'.
Inserting `luaotfload.aux.set_capheight' at position 4 in `luaotfload.patch_font'.
Inserting `luaotfload.aux.set_xheight' at position 5 in `luaotfload.patch_font'.
Inserting `luaotfload.rewrite_fontname' at position 6 in `luaotfload.patch_font'. L3 programming layer <2022-01-21>
Inserting `tracingstacklevels' at position 1 in `input_level_string'. (/usr/share/texlive/texmf-dist/tex/latex/beamer/beamer.cls
Document Class: beamer 2022/01/21 v3.65 A class for typesetting presentations
(/usr/share/texlive/texmf-dist/tex/latex/beamer/beamerbasemodes.sty (/usr/share/texlive/texmf-dist/tex/latex/etoolbox/etoolbox.sty
Package: etoolbox 2020/10/05 v2.5k e-TeX tools for LaTeX (JAW)
\etb@tempcnta=\count183
)
\beamer@tempbox=\box50
\beamer@tempcount=\count184
\c@beamerpauses=\count185
 (/usr/share/texlive/texmf-dist/tex/latex/beamer/beamerbasedecode.sty
\beamer@slideinframe=\count186
\beamer@minimum=\count187
\beamer@decode@box=\box51
)
\beamer@commentbox=\box52
\beamer@modecount=\count188
) (/usr/share/texlive/texmf-dist/tex/generic/iftex/ifpdf.sty
Package: ifpdf 2019/10/25 v3.4 ifpdf legacy package. Use iftex instead.
 (/usr/share/texlive/texmf-dist/tex/generic/iftex/iftex.sty
Package: iftex 2020/03/06 v1.0d TeX engine tests
))
\headdp=\dimen137
\footheight=\dimen138
\sidebarheight=\dimen139
\beamer@tempdim=\dimen140
\beamer@finalheight=\dimen141
\beamer@animht=\dimen142
\beamer@animdp=\dimen143
\beamer@animwd=\dimen144
\beamer@leftmargin=\dimen145
\beamer@rightmargin=\dimen146
\beamer@leftsidebar=\dimen147
\beamer@rightsidebar=\dimen148
\beamer@boxsize=\dimen149
\beamer@vboxoffset=\dimen150
\beamer@descdefault=\dimen151
\beamer@descriptionwidth=\dimen152
\beamer@lastskip=\skip47
\beamer@areabox=\box53
\beamer@animcurrent=\box54
\beamer@animshowbox=\box55
\beamer@sectionbox=\box56
\beamer@logobox=\box57
\beamer@linebox=\box58
\beamer@sectioncount=\count189
\beamer@subsubsectionmax=\count190
\beamer@subsectionmax=\count191
\beamer@sectionmax=\count192
\beamer@totalheads=\count193
\beamer@headcounter=\count194
\beamer@partstartpage=\count195
\beamer@sectionstartpage=\count196
\beamer@subsectionstartpage=\count197
\beamer@animationtempa=\count198
\beamer@animationtempb=\count199
\beamer@xpos=\count266
\beamer@ypos=\count267
\beamer@ypos@offset=\count268
\beamer@showpartnumber=\count269
\beamer@currentsubsection=\count270
\beamer@coveringdepth=\count271
\beamer@sectionadjust=\count272
\beamer@toclastsection=\count273
\beamer@tocsectionnumber=\count274
 (/usr/share/texlive/texmf-dist/tex/latex/beamer/beamerbaseoptions.sty (/usr/share/texlive/texmf-dist/tex/latex/graphics/keyval.sty
Package: keyval 2014/10/28 v1.15 key=value parser (DPC)
\KV@toks@=\toks16
))
\beamer@paperwidth=\skip48
\beamer@paperheight=\skip49
 (/usr/share/texlive/texmf-dist/tex/latex/geometry/geometry.sty
Package: geometry 2020/01/02 v5.9 Page Geometry
 (/usr/share/texlive/texmf-dist/tex/generic/iftex/ifvtex.sty
Package: ifvtex 2019/10/25 v1.7 ifvtex legacy package. Use iftex instead.
)
\Gm@cnth=\count275
\Gm@cntv=\count276
\c@Gm@tempcnt=\count277
\Gm@bindingoffset=\dimen153
\Gm@wd@mp=\dimen154
\Gm@odd@mp=\dimen155
\Gm@even@mp=\dimen156
\Gm@layoutwidth=\dimen157
\Gm@layoutheight=\dimen158
\Gm@layouthoffset=\dimen159
\Gm@layoutvoffset=\dimen160
\Gm@dimlist=\toks17
) (/usr/share/texlive/texmf-dist/tex/latex/pgf/basiclayer/pgfcore.sty (/usr/share/texlive/texmf-dist/tex/latex/graphics/graphicx.sty
Package: graphicx 2021/09/16 v1.2d Enhanced LaTeX Graphics (DPC,SPQR)
 (/usr/share/texlive/texmf-dist/tex/latex/graphics/graphics.sty
Package: graphics 2021/03/04 v1.4d Standard LaTeX Graphics (DPC,SPQR)
 (/usr/share/texlive/texmf-dist/tex/latex/graphics/trig.sty
Package: trig 2021/08/11 v1.11 sin cos tan (DPC)
) (/usr/share/texlive/texmf-dist/tex/latex/graphics-cfg/graphics.cfg
File: graphics.cfg 2016/06/04 v1.11 sample graphics configuration
)
Package graphics Info: Driver file: luatex.def on input line 107.
 (/usr/share/texlive/texmf-dist/tex/latex/graphics-def/luatex.def
File: luatex.def 2021/06/01 v1.2c Graphics/color driver for luatex
))
\Gin@req@height=\dimen161
\Gin@req@width=\dimen162
) (/usr/share/texlive/texmf-dist/tex/latex/pgf/systemlayer/pgfsys.sty (/usr/share/texlive/texmf-dist/tex/latex/pgf/utilities/pgfrcs.sty (/usr/share/texlive/texmf-dist/tex/generic/pgf/utilities/pgfutil-common.tex
\pgfutil@everybye=\toks18
\pgfutil@tempdima=\dimen163
\pgfutil@tempdimb=\dimen164
 (/usr/share/texlive/texmf-dist/tex/generic/pgf/utilities/pgfutil-common-lists.tex)) (/usr/share/texlive/texmf-dist/tex/generic/pgf/utilities/pgfutil-latex.def
\pgfutil@abb=\box59
) (/usr/share/texlive/texmf-dist/tex/generic/pgf/utilities/pgfrcs.code.tex (/usr/share/texlive/texmf-dist/tex/generic/pgf/pgf.revision.tex)
Package: pgfrcs 2021/05/15 v3.1.9a (3.1.9a)
)) (/usr/share/texlive/texmf-dist/tex/generic/pgf/systemlayer/pgfsys.code.tex
Package: pgfsys 2021/05/15 v3.1.9a (3.1.9a)
 (/usr/share/texlive/texmf-dist/tex/generic/pgf/utilities/pgfkeys.code.tex
\pgfkeys@pathtoks=\toks19
\pgfkeys@temptoks=\toks20
 (/usr/share/texlive/texmf-dist/tex/generic/pgf/utilities/pgfkeysfiltered.code.tex
\pgfkeys@tmptoks=\toks21
))
\pgf@x=\dimen165
\pgf@y=\dimen166
\pgf@xa=\dimen167
\pgf@ya=\dimen168
\pgf@xb=\dimen169
\pgf@yb=\dimen170
\pgf@xc=\dimen171
\pgf@yc=\dimen172
\pgf@xd=\dimen173
\pgf@yd=\dimen174
\w@pgf@writea=\write3
\r@pgf@reada=\read2
\c@pgf@counta=\count278
\c@pgf@countb=\count279
\c@pgf@countc=\count280
\c@pgf@countd=\count281
\t@pgf@toka=\toks22
\t@pgf@tokb=\toks23
\t@pgf@tokc=\toks24
\pgf@sys@id@count=\count282
 (/usr/share/texlive/texmf-dist/tex/generic/pgf/systemlayer/pgf.cfg
File: pgf.cfg 2021/05/15 v3.1.9a (3.1.9a)
)
Driver file for pgf: pgfsys-luatex.def
 (/usr/share/texlive/texmf-dist/tex/generic/pgf/systemlayer/pgfsys-luatex.def
File: pgfsys-luatex.def 2021/05/15 v3.1.9a (3.1.9a)
 (/usr/share/texlive/texmf-dist/tex/generic/pgf/systemlayer/pgfsys-common-pdf.def
File: pgfsys-common-pdf.def 2021/05/15 v3.1.9a (3.1.9a)
)))
(/usr/share/texlive/texmf-dist/tex/generic/pgf/systemlayer/pgfsyssoftpath.code.tex
File: pgfsyssoftpath.code.tex 2021/05/15 v3.1.9a (3.1.9a)
\pgfsyssoftpath@smallbuffer@items=\count283
\pgfsyssoftpath@bigbuffer@items=\count284
) (/usr/share/texlive/texmf-dist/tex/generic/pgf/systemlayer/pgfsysprotocol.code.tex
File: pgfsysprotocol.code.tex 2021/05/15 v3.1.9a (3.1.9a)
)) (/usr/share/texlive/texmf-dist/tex/latex/xcolor/xcolor.sty
Package: xcolor 2021/10/31 v2.13 LaTeX color extensions (UK)
 (/usr/share/texlive/texmf-dist/tex/latex/graphics-cfg/color.cfg
File: color.cfg 2016/01/02 v1.6 sample color configuration
)
Package xcolor Info: Driver file: luatex.def on input line 227.
Package xcolor Info: Model `cmy' substituted by `cmy0' on input line 1352.
Package xcolor Info: Model `hsb' substituted by `rgb' on input line 1356.
Package xcolor Info: Model `RGB' extended on input line 1368.
Package xcolor Info: Model `HTML' substituted by `rgb' on input line 1370.
Package xcolor Info: Model `Hsb' substituted by `hsb' on input line 1371.
Package xcolor Info: Model `tHsb' substituted by `hsb' on input line 1372.
Package xcolor Info: Model `HSB' substituted by `hsb' on input line 1373.
Package xcolor Info: Model `Gray' substituted by `gray' on input line 1374.
Package xcolor Info: Model `wave' substituted by `hsb' on input line 1375.
) (/usr/share/texlive/texmf-dist/tex/generic/pgf/basiclayer/pgfcore.code.tex
Package: pgfcore 2021/05/15 v3.1.9a (3.1.9a)
 (/usr/share/texlive/texmf-dist/tex/generic/pgf/math/pgfmath.code.tex (/usr/share/texlive/texmf-dist/tex/generic/pgf/math/pgfmathcalc.code.tex (/usr/share/texlive/texmf-dist/tex/generic/pgf/math/pgfmathutil.code.tex) (/usr/share/texlive/texmf-dist/tex/generic/pgf/math/pgfmathparser.code.tex
\pgfmath@dimen=\dimen175
\pgfmath@count=\count285
\pgfmath@box=\box60
\pgfmath@toks=\toks25
\pgfmath@stack@operand=\toks26
\pgfmath@stack@operation=\toks27
) (/usr/share/texlive/texmf-dist/tex/generic/pgf/math/pgfmathfunctions.code.tex (/usr/share/texlive/texmf-dist/tex/generic/pgf/math/pgfmathfunctions.basic.code.tex) (/usr/share/texlive/texmf-dist/tex/generic/pgf/math/pgfmathfunctions.trigonometric.code.tex) (/usr/share/texlive/texmf-dist/tex/generic/pgf/math/pgfmathfunctions.random.code.tex) (/usr/share/texlive/texmf-dist/tex/generic/pgf/math/pgfmathfunctions.comparison.code.tex) (/usr/share/texlive/texmf-dist/tex/generic/pgf/math/pgfmathfunctions.base.code.tex) (/usr/share/texlive/texmf-dist/tex/generic/pgf/math/pgfmathfunctions.round.code.tex) (/usr/share/texlive/texmf-dist/tex/generic/pgf/math/pgfmathfunctions.misc.code.tex) (/usr/share/texlive/texmf-dist/tex/generic/pgf/math/pgfmathfunctions.integerarithmetics.code.tex))) (/usr/share/texlive/texmf-dist/tex/generic/pgf/math/pgfmathfloat.code.tex
\c@pgfmathroundto@lastzeros=\count286
)) (/usr/share/texlive/texmf-dist/tex/generic/pgf/math/pgfint.code.tex) (/usr/share/texlive/texmf-dist/tex/generic/pgf/basiclayer/pgfcorepoints.code.tex
File: pgfcorepoints.code.tex 2021/05/15 v3.1.9a (3.1.9a)
\pgf@picminx=\dimen176
\pgf@picmaxx=\dimen177
\pgf@picminy=\dimen178
\pgf@picmaxy=\dimen179
\pgf@pathminx=\dimen180
\pgf@pathmaxx=\dimen181
\pgf@pathminy=\dimen182
\pgf@pathmaxy=\dimen183
\pgf@xx=\dimen184
\pgf@xy=\dimen185
\pgf@yx=\dimen186
\pgf@yy=\dimen187
\pgf@zx=\dimen188
\pgf@zy=\dimen189
luaotfload | db : Font names database loaded from /home/conner/.texlive2021/texmf-var/luatex-cache/generic/names/luaotfload-names.luc) (/usr/share/texlive/texmf-dist/tex/generic/pgf/basiclayer/pgfcorepathconstruct.code.tex
File: pgfcorepathconstruct.code.tex 2021/05/15 v3.1.9a (3.1.9a)
\pgf@path@lastx=\dimen190
\pgf@path@lasty=\dimen191
) (/usr/share/texlive/texmf-dist/tex/generic/pgf/basiclayer/pgfcorepathusage.code.tex
File: pgfcorepathusage.code.tex 2021/05/15 v3.1.9a (3.1.9a)
\pgf@shorten@end@additional=\dimen192
\pgf@shorten@start@additional=\dimen193
) (/usr/share/texlive/texmf-dist/tex/generic/pgf/basiclayer/pgfcorescopes.code.tex
File: pgfcorescopes.code.tex 2021/05/15 v3.1.9a (3.1.9a)
\pgfpic=\box61
\pgf@hbox=\box62
\pgf@layerbox@main=\box63
\pgf@picture@serial@count=\count287
)
(/usr/share/texlive/texmf-dist/tex/generic/pgf/basiclayer/pgfcoregraphicstate.code.tex
File: pgfcoregraphicstate.code.tex 2021/05/15 v3.1.9a (3.1.9a)
\pgflinewidth=\dimen194
) (/usr/share/texlive/texmf-dist/tex/generic/pgf/basiclayer/pgfcoretransformations.code.tex
File: pgfcoretransformations.code.tex 2021/05/15 v3.1.9a (3.1.9a)
\pgf@pt@x=\dimen195
\pgf@pt@y=\dimen196
\pgf@pt@temp=\dimen197
) (/usr/share/texlive/texmf-dist/tex/generic/pgf/basiclayer/pgfcorequick.code.tex
File: pgfcorequick.code.tex 2021/05/15 v3.1.9a (3.1.9a)
) (/usr/share/texlive/texmf-dist/tex/generic/pgf/basiclayer/pgfcoreobjects.code.tex
File: pgfcoreobjects.code.tex 2021/05/15 v3.1.9a (3.1.9a)
) (/usr/share/texlive/texmf-dist/tex/generic/pgf/basiclayer/pgfcorepathprocessing.code.tex
File: pgfcorepathprocessing.code.tex 2021/05/15 v3.1.9a (3.1.9a)
) (/usr/share/texlive/texmf-dist/tex/generic/pgf/basiclayer/pgfcorearrows.code.tex
File: pgfcorearrows.code.tex 2021/05/15 v3.1.9a (3.1.9a)
\pgfarrowsep=\dimen198
) (/usr/share/texlive/texmf-dist/tex/generic/pgf/basiclayer/pgfcoreshade.code.tex
File: pgfcoreshade.code.tex 2021/05/15 v3.1.9a (3.1.9a)
\pgf@max=\dimen199
\pgf@sys@shading@range@num=\count288
\pgf@shadingcount=\count289
) (/usr/share/texlive/texmf-dist/tex/generic/pgf/basiclayer/pgfcoreimage.code.tex
File: pgfcoreimage.code.tex 2021/05/15 v3.1.9a (3.1.9a)
 (/usr/share/texlive/texmf-dist/tex/generic/pgf/basiclayer/pgfcoreexternal.code.tex
File: pgfcoreexternal.code.tex 2021/05/15 v3.1.9a (3.1.9a)
\pgfexternal@startupbox=\box64
)) (/usr/share/texlive/texmf-dist/tex/generic/pgf/basiclayer/pgfcorelayers.code.tex
File: pgfcorelayers.code.tex 2021/05/15 v3.1.9a (3.1.9a)
) (/usr/share/texlive/texmf-dist/tex/generic/pgf/basiclayer/pgfcoretransparency.code.tex
File: pgfcoretransparency.code.tex 2021/05/15 v3.1.9a (3.1.9a)
) (/usr/share/texlive/texmf-dist/tex/generic/pgf/basiclayer/pgfcorepatterns.code.tex
File: pgfcorepatterns.code.tex 2021/05/15 v3.1.9a (3.1.9a)
) (/usr/share/texlive/texmf-dist/tex/generic/pgf/basiclayer/pgfcorerdf.code.tex
File: pgfcorerdf.code.tex 2021/05/15 v3.1.9a (3.1.9a)
))) (/usr/share/texlive/texmf-dist/tex/latex/base/size10.clo
File: size10.clo 2021/10/04 v1.4n Standard LaTeX file (size option)
) (/usr/share/texlive/texmf-dist/tex/latex/pgf/utilities/xxcolor.sty
Package: xxcolor 2003/10/24 ver 0.1
\XC@nummixins=\count290
\XC@countmixins=\count291
) (/usr/share/texlive/texmf-dist/tex/latex/base/atbegshi-ltx.sty
Package: atbegshi-ltx 2021/01/10 v1.0c Emulation of the original atbegshi
package with kernel methods
) (/usr/share/texlive/texmf-dist/tex/latex/hyperref/hyperref.sty
Package: hyperref 2021-06-07 v7.00m Hypertext links for LaTeX
 (/usr/share/texlive/texmf-dist/tex/generic/ltxcmds/ltxcmds.sty
Package: ltxcmds 2020-05-10 v1.25 LaTeX kernel commands for general use (HO)
) (/usr/share/texlive/texmf-dist/tex/generic/pdftexcmds/pdftexcmds.sty
Package: pdftexcmds 2020-06-27 v0.33 Utility functions of pdfTeX for LuaTeX (HO)
 (/usr/share/texlive/texmf-dist/tex/generic/infwarerr/infwarerr.sty
Package: infwarerr 2019/12/03 v1.5 Providing info/warning/error messages (HO)
)
Package pdftexcmds Info: \pdf@primitive is available.
Package pdftexcmds Info: \pdf@ifprimitive is available.
Package pdftexcmds Info: \pdfdraftmode found.
\pdftexcmds@toks=\toks28
) (/usr/share/texlive/texmf-dist/tex/generic/kvsetkeys/kvsetkeys.sty
Package: kvsetkeys 2019/12/15 v1.18 Key value parser (HO)
) (/usr/share/texlive/texmf-dist/tex/generic/kvdefinekeys/kvdefinekeys.sty
Package: kvdefinekeys 2019-12-19 v1.6 Define keys (HO)
) (/usr/share/texlive/texmf-dist/tex/generic/pdfescape/pdfescape.sty
Package: pdfescape 2019/12/09 v1.15 Implements pdfTeX's escape features (HO)
) (/usr/share/texlive/texmf-dist/tex/latex/hycolor/hycolor.sty
Package: hycolor 2020-01-27 v1.10 Color options for hyperref/bookmark (HO)
) (/usr/share/texlive/texmf-dist/tex/latex/letltxmacro/letltxmacro.sty
Package: letltxmacro 2019/12/03 v1.6 Let assignment for LaTeX macros (HO)
) (/usr/share/texlive/texmf-dist/tex/latex/auxhook/auxhook.sty
Package: auxhook 2019-12-17 v1.6 Hooks for auxiliary files (HO)
)
(/usr/share/texlive/texmf-dist/tex/latex/kvoptions/kvoptions.sty
Package: kvoptions 2020-10-07 v3.14 Key value format for package options (HO)
)
\@linkdim=\dimen256
\Hy@linkcounter=\count292
\Hy@pagecounter=\count293
 (/usr/share/texlive/texmf-dist/tex/latex/hyperref/pd1enc.def
File: pd1enc.def 2021-06-07 v7.00m Hyperref: PDFDocEncoding definition (HO)
) (/usr/share/texlive/texmf-dist/tex/latex/hyperref/hyperref-langpatches.def
File: hyperref-langpatches.def 2021-06-07 v7.00m Hyperref: patches for babel languages
) (/usr/share/texlive/texmf-dist/tex/generic/intcalc/intcalc.sty
Package: intcalc 2019/12/15 v1.3 Expandable calculations with integers (HO)
) (/usr/share/texlive/texmf-dist/tex/generic/etexcmds/etexcmds.sty
Package: etexcmds 2019/12/15 v1.7 Avoid name clashes with e-TeX commands (HO)
)
\Hy@SavedSpaceFactor=\count294
 (/usr/share/texlive/texmf-dist/tex/latex/hyperref/puenc.def
File: puenc.def 2021-06-07 v7.00m Hyperref: PDF Unicode definition (HO)
)
Package hyperref Info: Option `bookmarks' set `true' on input line 4073.
Package hyperref Info: Option `bookmarksopen' set `true' on input line 4073.
Package hyperref Info: Option `implicit' set `false' on input line 4073.
Package hyperref Info: Hyper figures OFF on input line 4192.
Package hyperref Info: Link nesting OFF on input line 4197.
Package hyperref Info: Hyper index ON on input line 4200.
Package hyperref Info: Plain pages OFF on input line 4207.
Package hyperref Info: Backreferencing OFF on input line 4212.
Package hyperref Info: Implicit mode OFF; no redefinition of LaTeX internals.
Package hyperref Info: Bookmarks ON on input line 4445.
\c@Hy@tempcnt=\count295
 (/usr/share/texlive/texmf-dist/tex/latex/url/url.sty
\Urlmuskip=\muskip16
Package: url 2013/09/16  ver 3.4  Verb mode for urls, etc.
)
LaTeX Info: Redefining \url on input line 4804.
\XeTeXLinkMargin=\dimen257
 (/usr/share/texlive/texmf-dist/tex/generic/bitset/bitset.sty
Package: bitset 2019/12/09 v1.3 Handle bit-vector datatype (HO)
 (/usr/share/texlive/texmf-dist/tex/generic/bigintcalc/bigintcalc.sty
Package: bigintcalc 2019/12/15 v1.5 Expandable calculations on big integers (HO)
))
\Fld@menulength=\count296
\Field@Width=\dimen258
\Fld@charsize=\dimen259
Package hyperref Info: Hyper figures OFF on input line 6076.
Package hyperref Info: Link nesting OFF on input line 6081.
Package hyperref Info: Hyper index ON on input line 6084.
Package hyperref Info: backreferencing OFF on input line 6091.
Package hyperref Info: Link coloring OFF on input line 6096.
Package hyperref Info: Link coloring with OCG OFF on input line 6101.
Package hyperref Info: PDF/A mode OFF on input line 6106.
LaTeX Info: Redefining \ref on input line 6146.
LaTeX Info: Redefining \pageref on input line 6150.
\Hy@abspage=\count297


Package hyperref Message: Stopped early.

)
Package hyperref Info: Driver (autodetected): hluatex.
 (/usr/share/texlive/texmf-dist/tex/latex/hyperref/hluatex.def
File: hluatex.def 2021-06-07 v7.00m Hyperref driver for luaTeX
 (/usr/share/texlive/texmf-dist/tex/generic/stringenc/stringenc.sty
Package: stringenc 2019/11/29 v1.12 Convert strings between diff. encodings (HO)
) (/usr/share/texlive/texmf-dist/tex/latex/base/atveryend-ltx.sty
Package: atveryend-ltx 2020/08/19 v1.0a Emulation of the original atveryend package
with kernel methods
)
\Fld@listcount=\count298
\c@bookmark@seq@number=\count299
 (/usr/share/texlive/texmf-dist/tex/latex/rerunfilecheck/rerunfilecheck.sty
Package: rerunfilecheck 2019/12/05 v1.9 Rerun checks for auxiliary files (HO)
 (/usr/share/texlive/texmf-dist/tex/generic/uniquecounter/uniquecounter.sty
Package: uniquecounter 2019/12/15 v1.4 Provide unlimited unique counter (HO)
)
Package uniquecounter Info: New unique counter `rerunfilecheck' on input line 286.
)) (/usr/share/texlive/texmf-dist/tex/latex/beamer/beamerbaserequires.sty (/usr/share/texlive/texmf-dist/tex/latex/beamer/beamerbasecompatibility.sty) (/usr/share/texlive/texmf-dist/tex/latex/beamer/beamerbasefont.sty (/usr/share/texlive/texmf-dist/tex/latex/amsfonts/amssymb.sty
Package: amssymb 2013/01/14 v3.01 AMS font symbols
 (/usr/share/texlive/texmf-dist/tex/latex/amsfonts/amsfonts.sty
Package: amsfonts 2013/01/14 v3.01 Basic AMSFonts support
\@emptytoks=\toks29
\symAMSa=\mathgroup4
\symAMSb=\mathgroup5
LaTeX Font Info:    Redeclaring math symbol \hbar on input line 98.
LaTeX Font Info:    Overwriting math alphabet `\mathfrak' in version `bold'
(Font)                  U/euf/m/n --> U/euf/b/n on input line 106.
)) (/usr/share/texlive/texmf-dist/tex/latex/sansmathaccent/sansmathaccent.sty
Package: sansmathaccent 2020/01/31
 (/usr/share/texlive/texmf-dist/tex/latex/koma-script/scrlfile.sty
Package: scrlfile 2021/11/13 v3.35 KOMA-Script package (file load hooks)
 (/usr/share/texlive/texmf-dist/tex/latex/koma-script/scrlfile-hook.sty
Package: scrlfile-hook 2021/11/13 v3.35 KOMA-Script package (using LaTeX hooks)
 (/usr/share/texlive/texmf-dist/tex/latex/koma-script/scrlogo.sty
Package: scrlogo 2021/11/13 v3.35 KOMA-Script package (logo)
))))) (/usr/share/texlive/texmf-dist/tex/latex/beamer/beamerbasetranslator.sty (/usr/share/texlive/texmf-dist/tex/latex/translator/translator.sty
Package: translator 2021-05-31 v1.12d Easy translation of strings in LaTeX
)) (/usr/share/texlive/texmf-dist/tex/latex/beamer/beamerbasemisc.sty) (/usr/share/texlive/texmf-dist/tex/latex/beamer/beamerbasetwoscreens.sty) (/usr/share/texlive/texmf-dist/tex/latex/beamer/beamerbaseoverlay.sty
\beamer@argscount=\count300
\beamer@lastskipcover=\skip50
\beamer@trivlistdepth=\count301
) (/usr/share/texlive/texmf-dist/tex/latex/beamer/beamerbasetitle.sty) (/usr/share/texlive/texmf-dist/tex/latex/beamer/beamerbasesection.sty
\c@lecture=\count302
\c@part=\count303
\c@section=\count304
\c@subsection=\count305
\c@subsubsection=\count306
) (/usr/share/texlive/texmf-dist/tex/latex/beamer/beamerbaseframe.sty
\beamer@framebox=\box65
\beamer@frametitlebox=\box66
\beamer@zoombox=\box67
\beamer@zoomcount=\count307
\beamer@zoomframecount=\count308
\beamer@frametextheight=\dimen260
\c@subsectionslide=\count309
\beamer@frametopskip=\skip51
\beamer@framebottomskip=\skip52
\beamer@frametopskipautobreak=\skip53
\beamer@framebottomskipautobreak=\skip54
\beamer@envbody=\toks30
\framewidth=\dimen261
\c@framenumber=\count310
) (/usr/share/texlive/texmf-dist/tex/latex/beamer/beamerbaseverbatim.sty
\beamer@verbatimfileout=\write4
) (/usr/share/texlive/texmf-dist/tex/latex/beamer/beamerbaseframesize.sty
\beamer@splitbox=\box68
\beamer@autobreakcount=\count311
\beamer@autobreaklastheight=\dimen262
\beamer@frametitletoks=\toks31
\beamer@framesubtitletoks=\toks32
) (/usr/share/texlive/texmf-dist/tex/latex/beamer/beamerbaseframecomponents.sty
\beamer@footins=\box69
) (/usr/share/texlive/texmf-dist/tex/latex/beamer/beamerbasecolor.sty) (/usr/share/texlive/texmf-dist/tex/latex/beamer/beamerbasenotes.sty
\beamer@frameboxcopy=\box70
) (/usr/share/texlive/texmf-dist/tex/latex/beamer/beamerbasetoc.sty)
(/usr/share/texlive/texmf-dist/tex/latex/beamer/beamerbasetemplates.sty
\beamer@sbttoks=\toks33
 (/usr/share/texlive/texmf-dist/tex/latex/beamer/beamerbaseauxtemplates.sty (/usr/share/texlive/texmf-dist/tex/latex/beamer/beamerbaseboxes.sty
\bmb@box=\box71
\bmb@colorbox=\box72
\bmb@boxwidth=\dimen263
\bmb@boxheight=\dimen264
\bmb@prevheight=\dimen265
\bmb@temp=\dimen266
\bmb@dima=\dimen267
\bmb@dimb=\dimen268
\bmb@prevheight=\dimen269
)
\beamer@blockheadheight=\dimen270
)) (/usr/share/texlive/texmf-dist/tex/latex/beamer/beamerbaselocalstructure.sty (/usr/share/texlive/texmf-dist/tex/latex/tools/enumerate.sty
Package: enumerate 2015/07/23 v3.00 enumerate extensions (DPC)
\@enLab=\toks34
)
\beamer@bibiconwidth=\skip55
\c@figure=\count312
\c@table=\count313
\abovecaptionskip=\skip56
\belowcaptionskip=\skip57
) (/usr/share/texlive/texmf-dist/tex/latex/beamer/beamerbasenavigation.sty
\beamer@section@min@dim=\dimen271
) (/usr/share/texlive/texmf-dist/tex/latex/beamer/beamerbasetheorems.sty (/usr/share/texlive/texmf-dist/tex/latex/amsmath/amsmath.sty
Package: amsmath 2021/10/15 v2.17l AMS math features
\@mathmargin=\skip58

For additional information on amsmath, use the `?' option.
(/usr/share/texlive/texmf-dist/tex/latex/amsmath/amstext.sty
Package: amstext 2021/08/26 v2.01 AMS text
 (/usr/share/texlive/texmf-dist/tex/latex/amsmath/amsgen.sty
File: amsgen.sty 1999/11/30 v2.0 generic functions
\@emptytoks=\toks35
\ex@=\dimen272
)) (/usr/share/texlive/texmf-dist/tex/latex/amsmath/amsbsy.sty
Package: amsbsy 1999/11/29 v1.2d Bold Symbols
\pmbraise@=\dimen273
) (/usr/share/texlive/texmf-dist/tex/latex/amsmath/amsopn.sty
Package: amsopn 2021/08/26 v2.02 operator names
)
\inf@bad=\count314
LaTeX Info: Redefining \frac on input line 236.
\uproot@=\count315
\leftroot@=\count316
LaTeX Info: Redefining \overline on input line 399.
\classnum@=\count317
\DOTSCASE@=\count318
LaTeX Info: Redefining \ldots on input line 496.
LaTeX Info: Redefining \dots on input line 499.
LaTeX Info: Redefining \cdots on input line 620.
\Mathstrutbox@=\box73
\strutbox@=\box74
\big@size=\dimen274
LaTeX Font Info:    Redeclaring font encoding OML on input line 743.
LaTeX Font Info:    Redeclaring font encoding OMS on input line 744.
\macc@depth=\count319
\c@MaxMatrixCols=\count320
\dotsspace@=\muskip17
\c@parentequation=\count321
\dspbrk@lvl=\count322
\tag@help=\toks36
\row@=\count323
\column@=\count324
\maxfields@=\count325
\andhelp@=\toks37
\eqnshift@=\dimen275
\alignsep@=\dimen276
\tagshift@=\dimen277
\tagwidth@=\dimen278
\totwidth@=\dimen279
\lineht@=\dimen280
\@envbody=\toks38
\multlinegap=\skip59
\multlinetaggap=\skip60
\mathdisplay@stack=\toks39
LaTeX Info: Redefining \[ on input line 2938.
LaTeX Info: Redefining \] on input line 2939.
) (/usr/share/texlive/texmf-dist/tex/latex/amscls/amsthm.sty
Package: amsthm 2020/05/29 v2.20.6
\thm@style=\toks40
\thm@bodyfont=\toks41
\thm@headfont=\toks42
\thm@notefont=\toks43
\thm@headpunct=\toks44
\thm@preskip=\skip61
\thm@postskip=\skip62
\thm@headsep=\skip63
\dth@everypar=\toks45
)
\c@theorem=\count326
) (/usr/share/texlive/texmf-dist/tex/latex/beamer/beamerbasethemes.sty)) (/usr/share/texlive/texmf-dist/tex/latex/beamer/beamerthemedefault.sty (/usr/share/texlive/texmf-dist/tex/latex/beamer/beamerfontthemedefault.sty) (/usr/share/texlive/texmf-dist/tex/latex/beamer/beamercolorthemedefault.sty) (/usr/share/texlive/texmf-dist/tex/latex/beamer/beamerinnerthemedefault.sty
\beamer@dima=\dimen281
\beamer@dimb=\dimen282
) (/usr/share/texlive/texmf-dist/tex/latex/beamer/beamerouterthemedefault.sty))) (/usr/share/texlive/texmf-dist/tex/latex/todonotes/todonotes.sty
Package: todonotes 2021/06/04 v1.1.5 Todonotes source and documentation.
Package: todonotes 2021/06/04
 (/usr/share/texlive/texmf-dist/tex/latex/base/ifthen.sty
Package: ifthen 2020/11/24 v1.1c Standard LaTeX ifthen package (DPC)
) (/usr/share/texlive/texmf-dist/tex/latex/xkeyval/xkeyval.sty
Package: xkeyval 2020/11/20 v2.8 package option processing (HA)
 (/usr/share/texlive/texmf-dist/tex/generic/xkeyval/xkeyval.tex (/usr/share/texlive/texmf-dist/tex/generic/xkeyval/xkvutils.tex
\XKV@toks=\toks46
\XKV@tempa@toks=\toks47
)
\XKV@depth=\count327
File: xkeyval.tex 2014/12/03 v2.7a key=value parser (HA)
)) (/usr/share/texlive/texmf-dist/tex/latex/pgf/frontendlayer/tikz.sty (/usr/share/texlive/texmf-dist/tex/latex/pgf/basiclayer/pgf.sty
Package: pgf 2021/05/15 v3.1.9a (3.1.9a)
 (/usr/share/texlive/texmf-dist/tex/generic/pgf/modules/pgfmoduleshapes.code.tex
File: pgfmoduleshapes.code.tex 2021/05/15 v3.1.9a (3.1.9a)
\pgfnodeparttextbox=\box75
) (/usr/share/texlive/texmf-dist/tex/generic/pgf/modules/pgfmoduleplot.code.tex
File: pgfmoduleplot.code.tex 2021/05/15 v3.1.9a (3.1.9a)
) (/usr/share/texlive/texmf-dist/tex/latex/pgf/compatibility/pgfcomp-version-0-65.sty
Package: pgfcomp-version-0-65 2021/05/15 v3.1.9a (3.1.9a)
\pgf@nodesepstart=\dimen283
\pgf@nodesepend=\dimen284
) (/usr/share/texlive/texmf-dist/tex/latex/pgf/compatibility/pgfcomp-version-1-18.sty
Package: pgfcomp-version-1-18 2021/05/15 v3.1.9a (3.1.9a)
)) (/usr/share/texlive/texmf-dist/tex/latex/pgf/utilities/pgffor.sty (/usr/share/texlive/texmf-dist/tex/latex/pgf/utilities/pgfkeys.sty (/usr/share/texlive/texmf-dist/tex/generic/pgf/utilities/pgfkeys.code.tex)) (/usr/share/texlive/texmf-dist/tex/latex/pgf/math/pgfmath.sty (/usr/share/texlive/texmf-dist/tex/generic/pgf/math/pgfmath.code.tex)) (/usr/share/texlive/texmf-dist/tex/generic/pgf/utilities/pgffor.code.tex
Package: pgffor 2021/05/15 v3.1.9a (3.1.9a)

(/usr/share/texlive/texmf-dist/tex/generic/pgf/math/pgfmath.code.tex)
\pgffor@iter=\dimen285
\pgffor@skip=\dimen286
\pgffor@stack=\toks48
\pgffor@toks=\toks49
)) (/usr/share/texlive/texmf-dist/tex/generic/pgf/frontendlayer/tikz/tikz.code.tex
Package: tikz 2021/05/15 v3.1.9a (3.1.9a)
 (/usr/share/texlive/texmf-dist/tex/generic/pgf/libraries/pgflibraryplothandlers.code.tex
File: pgflibraryplothandlers.code.tex 2021/05/15 v3.1.9a (3.1.9a)
\pgf@plot@mark@count=\count328
\pgfplotmarksize=\dimen287
)
\tikz@lastx=\dimen288
\tikz@lasty=\dimen289
\tikz@lastxsaved=\dimen290
\tikz@lastysaved=\dimen291
\tikz@lastmovetox=\dimen292
\tikz@lastmovetoy=\dimen293
\tikzleveldistance=\dimen294
\tikzsiblingdistance=\dimen295
\tikz@figbox=\box76
\tikz@figbox@bg=\box77
\tikz@tempbox=\box78
\tikz@tempbox@bg=\box79
\tikztreelevel=\count329
\tikznumberofchildren=\count330
\tikznumberofcurrentchild=\count331
\tikz@fig@count=\count332
 (/usr/share/texlive/texmf-dist/tex/generic/pgf/modules/pgfmodulematrix.code.tex
File: pgfmodulematrix.code.tex 2021/05/15 v3.1.9a (3.1.9a)
\pgfmatrixcurrentrow=\count333
\pgfmatrixcurrentcolumn=\count334
\pgf@matrix@numberofcolumns=\count335
)
\tikz@expandcount=\count336
 (/usr/share/texlive/texmf-dist/tex/generic/pgf/frontendlayer/tikz/libraries/tikzlibrarytopaths.code.tex
File: tikzlibrarytopaths.code.tex 2021/05/15 v3.1.9a (3.1.9a)
))) (/usr/share/texlive/texmf-dist/tex/generic/pgf/frontendlayer/tikz/libraries/tikzlibrarypositioning.code.tex
File: tikzlibrarypositioning.code.tex 2021/05/15 v3.1.9a (3.1.9a)
) (/usr/share/texlive/texmf-dist/tex/latex/tools/calc.sty
Package: calc 2017/05/25 v4.3 Infix arithmetic (KKT,FJ)
\calc@Acount=\count337
\calc@Bcount=\count338
\calc@Adimen=\dimen296
\calc@Bdimen=\dimen297
\calc@Askip=\skip64
\calc@Bskip=\skip65
LaTeX Info: Redefining \setlength on input line 80.
LaTeX Info: Redefining \addtolength on input line 81.
\calc@Ccount=\count339
\calc@Cskip=\skip66
)
\c@@todonotes@numberoftodonotes=\count340
) (/usr/share/texlive/texmf-dist/tex/generic/ulem/ulem.sty
\UL@box=\box80
\UL@hyphenbox=\box81
\UL@skip=\skip67
\UL@hook=\toks50
\UL@height=\dimen298
\UL@pe=\count341
\UL@pixel=\dimen299
\ULC@box=\box82
Package: ulem 2019/11/18
\ULdepth=\dimen300
) (./beamerthemeUoE.sty

LaTeX Warning: You have requested package `beamerthemeUoE',
               but the package provides `UoE'.

Package: UoE 2018/04/26
\beamer@sidebarwidth=\dimen301
(/usr/share/texlive/texmf-dist/tex/latex/tikz-feynman/tikz-feynman.sty
Package: tikz-feynman 2016/02/05v1.1.0Feynman diagrams with TikZ
 (/usr/share/texlive/texmf-dist/tex/generic/iftex/ifluatex.sty
Package: ifluatex 2019/10/25 v1.5 ifluatex legacy package. Use iftex instead.
) (/usr/share/texlive/texmf-dist/tex/latex/pgfopts/pgfopts.sty
Package: pgfopts 2014/07/10 v2.1a LaTeX package options with pgfkeys
\pgfopts@list@add@a@toks=\toks51
\pgfopts@list@add@b@toks=\toks52
) (/usr/share/texlive/texmf-dist/tex/latex/tikz-feynman/tikzlibraryfeynman.code.tex (/usr/share/texlive/texmf-dist/tex/generic/pgf/libraries/pgflibraryarrows.meta.code.tex
File: pgflibraryarrows.meta.code.tex 2021/05/15 v3.1.9a (3.1.9a)
\pgfarrowinset=\dimen302
\pgfarrowlength=\dimen303
\pgfarrowwidth=\dimen304
\pgfarrowlinewidth=\dimen305
) (/usr/share/texlive/texmf-dist/tex/generic/pgf/frontendlayer/tikz/libraries/tikzlibrarycalc.code.tex
File: tikzlibrarycalc.code.tex 2021/05/15 v3.1.9a (3.1.9a)
) (/usr/share/texlive/texmf-dist/tex/generic/pgf/frontendlayer/tikz/libraries/tikzlibrarydecorations.code.tex (/usr/share/texlive/texmf-dist/tex/generic/pgf/modules/pgfmoduledecorations.code.tex
\pgfdecoratedcompleteddistance=\dimen306
\pgfdecoratedremainingdistance=\dimen307
\pgfdecoratedinputsegmentcompleteddistance=\dimen308
\pgfdecoratedinputsegmentremainingdistance=\dimen309
\pgf@decorate@distancetomove=\dimen310
\pgf@decorate@repeatstate=\count342
\pgfdecorationsegmentamplitude=\dimen311
\pgfdecorationsegmentlength=\dimen312
)
\tikz@lib@dec@box=\box83
) (/usr/share/texlive/texmf-dist/tex/generic/pgf/frontendlayer/tikz/libraries/tikzlibrarydecorations.markings.code.tex (/usr/share/texlive/texmf-dist/tex/generic/pgf/libraries/decorations/pgflibrarydecorations.markings.code.tex)) (/usr/share/texlive/texmf-dist/tex/generic/pgf/frontendlayer/tikz/libraries/tikzlibrarydecorations.pathmorphing.code.tex (/usr/share/texlive/texmf-dist/tex/generic/pgf/libraries/decorations/pgflibrarydecorations.pathmorphing.code.tex)) (/usr/share/texlive/texmf-dist/tex/generic/pgf/frontendlayer/tikz/libraries/tikzlibrarydecorations.pathreplacing.code.tex (/usr/share/texlive/texmf-dist/tex/generic/pgf/libraries/decorations/pgflibrarydecorations.pathreplacing.code.tex)) (/usr/share/texlive/texmf-dist/tex/generic/pgf/frontendlayer/tikz/libraries/graphs/tikzlibrarygraphs.code.tex
File: tikzlibrarygraphs.code.tex 2021/05/15 v3.1.9a (3.1.9a)
\tikz@lib@auto@number=\count343
\tikz@qnode@count=\count344
) (/usr/share/texlive/texmf-dist/tex/generic/pgf/frontendlayer/tikz/libraries/tikzlibrarypatterns.code.tex
File: tikzlibrarypatterns.code.tex 2021/05/15 v3.1.9a (3.1.9a)
 (/usr/share/texlive/texmf-dist/tex/generic/pgf/libraries/pgflibrarypatterns.code.tex
File: pgflibrarypatterns.code.tex 2021/05/15 v3.1.9a (3.1.9a)
)) (/usr/share/texlive/texmf-dist/tex/generic/pgf/frontendlayer/tikz/libraries/tikzlibraryshapes.geometric.code.tex
File: tikzlibraryshapes.geometric.code.tex 2021/05/15 v3.1.9a (3.1.9a)
 (/usr/share/texlive/texmf-dist/tex/generic/pgf/libraries/shapes/pgflibraryshapes.geometric.code.tex
File: pgflibraryshapes.geometric.code.tex 2021/05/15 v3.1.9a (3.1.9a)
)) (/usr/share/texlive/texmf-dist/tex/generic/pgf/graphdrawing/tex/tikzlibrarygraphdrawing.code.tex
File: tikzlibrarygraphdrawing.code.tex 2021/05/15 v3.1.9a (3.1.9a)

(/usr/share/texlive/texmf-dist/tex/generic/pgf/graphdrawing/tex/pgflibrarygraphdrawing.code.tex
File: pgflibrarygraphdrawing.code.tex 2021/05/15 v3.1.9a (3.1.9a)
\pgf@gd@parameter@stack@height=\count345
\pgf@gd@node@box=\box84
\pgf@gd@edge@box=\box85
\pgf@gd@prekind@box=\box86
\pgf@gd@postkind@box=\box87
)) (/usr/share/texlive/texmf-dist/tex/latex/tikz-feynman/tikzfeynman.keys.code.tex)))
\indentBox=\box88
) (/usr/share/texlive/texmf-dist/tex/latex/tcolorbox/tcolorbox.sty
Package: tcolorbox 2022/01/07 version 5.0.2 text color boxes
 (/usr/share/texlive/texmf-dist/tex/latex/tools/verbatim.sty
Package: verbatim 2020-07-07 v1.5u LaTeX2e package for verbatim enhancements
\every@verbatim=\toks53
\verbatim@line=\toks54
\verbatim@in@stream=\read3
) (/usr/share/texlive/texmf-dist/tex/latex/environ/environ.sty
Package: environ 2014/05/04 v0.3 A new way to define environments
 (/usr/share/texlive/texmf-dist/tex/latex/trimspaces/trimspaces.sty
Package: trimspaces 2009/09/17 v1.1 Trim spaces around a token list
))
\tcb@titlebox=\box89
\tcb@upperbox=\box90
\tcb@lowerbox=\box91
\tcb@phantombox=\box92
\c@tcbbreakpart=\count346
\c@tcblayer=\count347
\c@tcolorbox@number=\count348
\tcb@temp=\box93
\tcb@temp=\box94
\tcb@temp=\box95
\tcb@temp=\box96
 (/usr/share/texlive/texmf-dist/tex/latex/tcolorbox/tcbraster.code.tex
Library (tcolorbox): 'tcbraster.code.tex' version '5.0.2'
\c@tcbrastercolumn=\count349
\c@tcbrasterrow=\count350
\c@tcbrasternum=\count351
\c@tcbraster=\count352
) (/usr/share/texlive/texmf-dist/tex/latex/tcolorbox/tcbskins.code.tex
Library (tcolorbox): 'tcbskins.code.tex' version '5.0.2'
\tcb@waterbox=\box97
(/usr/share/texlive/texmf-dist/tex/latex/tcolorbox/tcbskinsjigsaw.code.tex
Library (tcolorbox): 'tcbskinsjigsaw.code.tex' version '5.0.2'
)) (/usr/share/texlive/texmf-dist/tex/latex/tcolorbox/tcbbreakable.code.tex
Library (tcolorbox): 'tcbbreakable.code.tex' version '5.0.2'
(/usr/share/texlive/texmf-dist/tex/generic/oberdiek/pdfcol.sty
Package: pdfcol 2019/12/29 v1.6 Handle new color stacks for pdfTeX (HO)
)
Package pdfcol Info: New color stack `tcb@breakable' = 1 on input line 23.
\tcb@testbox=\box98
\tcb@totalupperbox=\box99
\tcb@totallowerbox=\box100
) (/usr/share/texlive/texmf-dist/tex/latex/tcolorbox/tcbhooks.code.tex
Library (tcolorbox): 'tcbhooks.code.tex' version '5.0.2'
) (/usr/share/texlive/texmf-dist/tex/latex/tcolorbox/tcbtheorems.code.tex
Library (tcolorbox): 'tcbtheorems.code.tex' version '5.0.2'
) (/usr/share/texlive/texmf-dist/tex/latex/tcolorbox/tcbfitting.code.tex
Library (tcolorbox): 'tcbfitting.code.tex' version '5.0.2'
\tcbfitdim=\dimen313
\tcb@lowerfitdim=\dimen314
\tcb@upperfitdim=\dimen315
\tcb@cur@hbadness=\count353
) (/usr/share/texlive/texmf-dist/tex/latex/tcolorbox/tcbxparse.code.tex
Library (tcolorbox): 'tcbxparse.code.tex' version '5.0.2'
(/usr/share/texlive/texmf-dist/tex/latex/l3packages/xparse/xparse.sty (/usr/share/texlive/texmf-dist/tex/latex/l3kernel/expl3.sty
Package: expl3 2022-01-21 L3 programming layer (loader) 
 (/usr/share/texlive/texmf-dist/tex/latex/l3backend/l3backend-luatex.def
File: l3backend-luatex.def 2022-01-12 L3 backend support: PDF output (LuaTeX)
\l__color_backend_stack_int=\count354
\l__pdf_internal_box=\box101
))
Package: xparse 2022-01-12 L3 Experimental document command parser
)) (/usr/share/texlive/texmf-dist/tex/latex/tcolorbox/tcblistingsutf8.code.tex
Library (tcolorbox): 'tcblistingsutf8.code.tex' version '5.0.2'
(/usr/share/texlive/texmf-dist/tex/latex/tcolorbox/tcblistings.code.tex
Library (tcolorbox): 'tcblistings.code.tex' version '5.0.2'
(/usr/share/texlive/texmf-dist/tex/latex/listings/listings.sty
\lst@mode=\count355
\lst@gtempboxa=\box102
\lst@token=\toks55
\lst@length=\count356
\lst@currlwidth=\dimen316
\lst@column=\count357
\lst@pos=\count358
\lst@lostspace=\dimen317
\lst@width=\dimen318
\lst@newlines=\count359
\lst@lineno=\count360
\lst@maxwidth=\dimen319
 (/usr/share/texlive/texmf-dist/tex/latex/listings/lstmisc.sty
File: lstmisc.sty 2020/03/24 1.8d (Carsten Heinz)
\c@lstnumber=\count361
\lst@skipnumbers=\count362
\lst@framebox=\box103
) (/usr/share/texlive/texmf-dist/tex/latex/listings/listings.cfg
File: listings.cfg 2020/03/24 1.8d listings configuration
))
Package: listings 2020/03/24 1.8d (Carsten Heinz)
 (/usr/share/texlive/texmf-dist/tex/latex/tcolorbox/tcblistingscore.code.tex
Library (tcolorbox): 'tcblistingscore.code.tex' version '5.0.2'
(/usr/share/texlive/texmf-dist/tex/latex/tcolorbox/tcbprocessing.code.tex
Library (tcolorbox): 'tcbprocessing.code.tex' version '5.0.2'
(/usr/share/texlive/texmf-dist/tex/latex/tools/shellesc.sty
Package: shellesc 2019/11/08 v1.0c unified shell escape interface for LaTeX
Package shellesc Info: Unrestricted shell escape enabled on input line 75.
))
\c@tcblisting=\count363
))
Package tcolorbox Info: Library `listingsutf8' is compatible with pdftex only. Library `listings` is loaded instead. on input line 29.
) (/usr/share/texlive/texmf-dist/tex/latex/tcolorbox/tcbexternal.code.tex
Library (tcolorbox): 'tcbexternal.code.tex' version '5.0.2'
) (/usr/share/texlive/texmf-dist/tex/latex/tcolorbox/tcbmagazine.code.tex
Library (tcolorbox): 'tcbmagazine.code.tex' version '5.0.2'
) (/usr/share/texlive/texmf-dist/tex/latex/tcolorbox/tcbvignette.code.tex
Library (tcolorbox): 'tcbvignette.code.tex' version '5.0.2'
(/usr/share/texlive/texmf-dist/tex/generic/pgf/frontendlayer/tikz/libraries/tikzlibraryfadings.code.tex
File: tikzlibraryfadings.code.tex 2021/05/15 v3.1.9a (3.1.9a)
 (/usr/share/texlive/texmf-dist/tex/generic/pgf/libraries/pgflibraryfadings.code.tex
File: pgflibraryfadings.code.tex 2021/05/15 v3.1.9a (3.1.9a)
))) (/usr/share/texlive/texmf-dist/tex/latex/tcolorbox/tcbposter.code.tex
Library (tcolorbox): 'tcbposter.code.tex' version '5.0.2'
)) (/usr/share/texlive/texmf-dist/tex/latex/sectsty/sectsty.sty
Package: sectsty 2002/02/25 v2.0.2 Commands to change all sectional heading styles


LaTeX Warning: Command \underbar  has changed.
               Check if current package is valid.


LaTeX Warning: Command \underline  has changed.
               Check if current package is valid.


! Package sectsty Error: The sectsty package doesn't work with
(sectsty)                this document class.

See the sectsty package documentation for explanation.
Type  H <return>  for immediate help.
 ...                                              
                                                  
l.296     scrartcl, scrbook, and scrreprt.}
                                         
The sectsty package only works with the following classes: 
the standard LaTeX document classes
article, report, and book; and
the KOMA-Script classes
scrartcl, scrbook, and scrreprt.

) (/usr/share/texlive/texmf-dist/tex/latex/base/fontenc.sty
Package: fontenc 2021/04/29 v2.0v Standard LaTeX package
 (/usr/share/texlive/texmf-dist/tex/latex/greek-fontenc/lgrenc.def
File: lgrenc.def 2020/10/13 2.0 LGR Greek font encoding definitions
 (/usr/share/texlive/texmf-dist/tex/latex/greek-fontenc/greek-fontenc.def
File: greek-fontenc.def 2020/10/30 2.0 Common Greek font encoding definitions
))
LaTeX Font Info:    Trying to load font information for T1+lmss on input line 112.
 (/usr/share/texmf/tex/latex/lm/t1lmss.fd
File: t1lmss.fd 2009/10/30 v1.6 Font defs for Latin Modern
)) (/usr/share/texlive/texmf-dist/tex/latex/crimsonpro/CrimsonPro.sty
Package: CrimsonPro 2019/10/21 (Bob Tennent and autoinst) Style file for CrimsonPro fonts.
 (/usr/share/texlive/texmf-dist/tex/generic/iftex/ifxetex.sty
Package: ifxetex 2019/10/25 v0.7 ifxetex legacy package. Use iftex instead.
) (/usr/share/texlive/texmf-dist/tex/latex/base/textcomp.sty
Package: textcomp 2020/02/02 v2.0n Standard LaTeX package
) (/usr/share/texlive/texmf-dist/tex/latex/fontspec/fontspec.sty
Package: fontspec 2022/01/15 v2.8a Font selection for XeLaTeX and LuaLaTeX
Lua module: fontspec 2022/01/15 2.8a Font selection for XeLaTeX and LuaLaTeX (/usr/share/texlive/texmf-dist/tex/latex/fontspec/fontspec-luatex.sty
Package: fontspec-luatex 2022/01/15 v2.8a Font selection for XeLaTeX and LuaLaTeX
\l__fontspec_script_int=\count364
\l__fontspec_language_int=\count365
\l__fontspec_strnum_int=\count366
\l__fontspec_tmp_int=\count367
\l__fontspec_tmpa_int=\count368
\l__fontspec_tmpb_int=\count369
\l__fontspec_tmpc_int=\count370
\l__fontspec_em_int=\count371
\l__fontspec_emdef_int=\count372
\l__fontspec_strong_int=\count373
\l__fontspec_strongdef_int=\count374
\l__fontspec_tmpa_dim=\dimen320
\l__fontspec_tmpb_dim=\dimen321
\l__fontspec_tmpc_dim=\dimen322
 (/usr/share/texlive/texmf-dist/tex/latex/base/fontenc.sty
Package: fontenc 2021/04/29 v2.0v Standard LaTeX package
) (/usr/share/texlive/texmf-dist/tex/latex/fontspec/fontspec.cfg)))
luaotfload | aux : font no 22 (nil) does not define feature smcp for script latn with language dflt
luaotfload | aux : font no 23 (nil) does not define feature smcp for script latn with language dflt
luaotfload | aux : font no 24 (nil) does not define feature smcp for script latn with language dflt
luaotfload | aux : font no 25 (nil) does not define feature smcp for script latn with language dflt

Package fontspec Info: Font family 'CrimsonPro(0)' created for font
(fontspec)             'CrimsonPro' with options [Ligatures = TeX,Scale =
(fontspec)             1,SmallCapsFeatures={Renderer=Basic},Extension =
(fontspec)             .ttf,Ligatures=TeX,Numbers =
(fontspec)             {Proportional,OldStyle},UprightFont =
(fontspec)             *-Regular,ItalicFont = *-Italic,BoldFont =
(fontspec)             *-Bold,BoldItalicFont = *-BoldItalic].
(fontspec)              
(fontspec)              This font family consists of the following NFSS
(fontspec)             series/shapes:
(fontspec)              
(fontspec)             - 'normal' (m/n) with NFSS spec.:
(fontspec)             <->s*[1]"[CrimsonPro-Regular.ttf]:mode=node;script=latn;language=dflt;+tlig;+pnum;+onum;"
(fontspec)             - 'small caps'  (m/sc) with NFSS spec.: 
(fontspec)             - 'bold' (b/n) with NFSS spec.:
(fontspec)             <->s*[1]"[CrimsonPro-Bold.ttf]:mode=node;script=latn;language=dflt;+tlig;+pnum;+onum;"
(fontspec)             - 'bold small caps'  (b/sc) with NFSS spec.: 
(fontspec)             - 'italic' (m/it) with NFSS spec.:
(fontspec)             <->s*[1]"[CrimsonPro-Italic.ttf]:mode=node;script=latn;language=dflt;+tlig;+pnum;+onum;"
(fontspec)             - 'italic small caps'  (m/scit) with NFSS spec.: 
(fontspec)             - 'bold italic' (b/it) with NFSS spec.:
(fontspec)             <->s*[1]"[CrimsonPro-BoldItalic.ttf]:mode=node;script=latn;language=dflt;+tlig;+pnum;+onum;"
(fontspec)             - 'bold italic small caps'  (b/scit) with NFSS spec.: 

luaotfload | aux : font no 22 (nil) does not define feature smcp for script latn with language dflt
luaotfload | aux : font no 23 (nil) does not define feature smcp for script latn with language dflt
luaotfload | aux : font no 24 (nil) does not define feature smcp for script latn with language dflt
luaotfload | aux : font no 25 (nil) does not define feature smcp for script latn with language dflt

Package fontspec Info: Font family 'CrimsonPro(1)' created for font
(fontspec)             'CrimsonPro' with options [Ligatures = TeX,Scale =
(fontspec)             1,SmallCapsFeatures={Renderer=Basic},Extension =
(fontspec)             .ttf,Numbers = {Proportional,OldStyle},UprightFont =
(fontspec)             *-Regular,ItalicFont = *-Italic,BoldFont =
(fontspec)             *-Bold,BoldItalicFont = *-BoldItalic].
(fontspec)              
(fontspec)              This font family consists of the following NFSS
(fontspec)             series/shapes:
(fontspec)              
(fontspec)             - 'normal' (m/n) with NFSS spec.:
(fontspec)             <->s*[1]"[CrimsonPro-Regular.ttf]:mode=node;script=latn;language=dflt;+tlig;+pnum;+onum;"
(fontspec)             - 'small caps'  (m/sc) with NFSS spec.: 
(fontspec)             - 'bold' (b/n) with NFSS spec.:
(fontspec)             <->s*[1]"[CrimsonPro-Bold.ttf]:mode=node;script=latn;language=dflt;+tlig;+pnum;+onum;"
(fontspec)             - 'bold small caps'  (b/sc) with NFSS spec.: 
(fontspec)             - 'italic' (m/it) with NFSS spec.:
(fontspec)             <->s*[1]"[CrimsonPro-Italic.ttf]:mode=node;script=latn;language=dflt;+tlig;+pnum;+onum;"
(fontspec)             - 'italic small caps'  (m/scit) with NFSS spec.: 
(fontspec)             - 'bold italic' (b/it) with NFSS spec.:
(fontspec)             <->s*[1]"[CrimsonPro-BoldItalic.ttf]:mode=node;script=latn;language=dflt;+tlig;+pnum;+onum;"
(fontspec)             - 'bold italic small caps'  (b/scit) with NFSS spec.: 

luaotfload | aux : font no 22 (nil) does not define feature smcp for script latn with language dflt
luaotfload | aux : font no 23 (nil) does not define feature smcp for script latn with language dflt
luaotfload | aux : font no 24 (nil) does not define feature smcp for script latn with language dflt
luaotfload | aux : font no 25 (nil) does not define feature smcp for script latn with language dflt

Package fontspec Info: Font family 'CrimsonPro(2)' created for font
(fontspec)             'CrimsonPro' with options [Ligatures = TeX,Scale =
(fontspec)             1,SmallCapsFeatures={Renderer=Basic},Extension =
(fontspec)             .ttf,Numbers = {Proportional,Lining},UprightFont =
(fontspec)             *-Regular,ItalicFont = *-Italic,BoldFont =
(fontspec)             *-Bold,BoldItalicFont = *-BoldItalic].
(fontspec)              
(fontspec)              This font family consists of the following NFSS
(fontspec)             series/shapes:
(fontspec)              
(fontspec)             - 'normal' (m/n) with NFSS spec.:
(fontspec)             <->s*[1]"[CrimsonPro-Regular.ttf]:mode=node;script=latn;language=dflt;+tlig;+pnum;+lnum;"
(fontspec)             - 'small caps'  (m/sc) with NFSS spec.: 
(fontspec)             - 'bold' (b/n) with NFSS spec.:
(fontspec)             <->s*[1]"[CrimsonPro-Bold.ttf]:mode=node;script=latn;language=dflt;+tlig;+pnum;+lnum;"
(fontspec)             - 'bold small caps'  (b/sc) with NFSS spec.: 
(fontspec)             - 'italic' (m/it) with NFSS spec.:
(fontspec)             <->s*[1]"[CrimsonPro-Italic.ttf]:mode=node;script=latn;language=dflt;+tlig;+pnum;+lnum;"
(fontspec)             - 'italic small caps'  (m/scit) with NFSS spec.: 
(fontspec)             - 'bold italic' (b/it) with NFSS spec.:
(fontspec)             <->s*[1]"[CrimsonPro-BoldItalic.ttf]:mode=node;script=latn;language=dflt;+tlig;+pnum;+lnum;"
(fontspec)             - 'bold italic small caps'  (b/scit) with NFSS spec.: 

luaotfload | aux : font no 22 (nil) does not define feature smcp for script latn with language dflt
luaotfload | aux : font no 23 (nil) does not define feature smcp for script latn with language dflt
luaotfload | aux : font no 24 (nil) does not define feature smcp for script latn with language dflt
luaotfload | aux : font no 25 (nil) does not define feature smcp for script latn with language dflt

Package fontspec Info: Font family 'CrimsonPro(3)' created for font
(fontspec)             'CrimsonPro' with options [Ligatures = TeX,Scale =
(fontspec)             1,SmallCapsFeatures={Renderer=Basic},Extension =
(fontspec)             .ttf,Numbers = {Monospaced,OldStyle},UprightFont =
(fontspec)             *-Regular,ItalicFont = *-Italic,BoldFont =
(fontspec)             *-Bold,BoldItalicFont = *-BoldItalic].
(fontspec)              
(fontspec)              This font family consists of the following NFSS
(fontspec)             series/shapes:
(fontspec)              
(fontspec)             - 'normal' (m/n) with NFSS spec.:
(fontspec)             <->s*[1]"[CrimsonPro-Regular.ttf]:mode=node;script=latn;language=dflt;+tlig;+tnum;+onum;"
(fontspec)             - 'small caps'  (m/sc) with NFSS spec.: 
(fontspec)             - 'bold' (b/n) with NFSS spec.:
(fontspec)             <->s*[1]"[CrimsonPro-Bold.ttf]:mode=node;script=latn;language=dflt;+tlig;+tnum;+onum;"
(fontspec)             - 'bold small caps'  (b/sc) with NFSS spec.: 
(fontspec)             - 'italic' (m/it) with NFSS spec.:
(fontspec)             <->s*[1]"[CrimsonPro-Italic.ttf]:mode=node;script=latn;language=dflt;+tlig;+tnum;+onum;"
(fontspec)             - 'italic small caps'  (m/scit) with NFSS spec.: 
(fontspec)             - 'bold italic' (b/it) with NFSS spec.:
(fontspec)             <->s*[1]"[CrimsonPro-BoldItalic.ttf]:mode=node;script=latn;language=dflt;+tlig;+tnum;+onum;"
(fontspec)             - 'bold italic small caps'  (b/scit) with NFSS spec.: 

LaTeX Info: Redefining \oldstylenums on input line 183.
LaTeX Info: Redefining \liningnums on input line 184.
) (/usr/share/texlive/texmf-dist/tex/latex/sourcesanspro/sourcesanspro.sty
Package: sourcesanspro 2018/05/19 v2.7 Adobe's Source Sans Pro typeface
luaotfload | aux : font no 30 (nil) does not define feature smcp for script latn with language dflt
luaotfload | aux : font no 31 (nil) does not define feature smcp for script latn with language dflt

Package fontspec Info: Font family 'SourceSansPro(0)' created for font
(fontspec)             'SourceSansPro' with options [Ligatures = TeX,Numbers =
(fontspec)             {, },Scale = 1,Extension =
(fontspec)             .otf,Ligatures=TeX,UprightFont = *-Regular,ItalicFont =
(fontspec)             *-RegularIt,BoldFont = *-Bold,BoldItalicFont =
(fontspec)             *-BoldIt].
(fontspec)              
(fontspec)              This font family consists of the following NFSS
(fontspec)             series/shapes:
(fontspec)              
(fontspec)             - 'normal' (m/n) with NFSS spec.:
(fontspec)             <->s*[1]"[SourceSansPro-Regular.otf]:mode=node;script=latn;language=dflt;+tlig;"
(fontspec)             - 'small caps'  (m/sc) with NFSS spec.:
(fontspec)             <->s*[1]"[SourceSansPro-Regular.otf]:mode=node;script=latn;language=dflt;+tlig;+smcp;"
(fontspec)             - 'bold' (b/n) with NFSS spec.:
(fontspec)             <->s*[1]"[SourceSansPro-Bold.otf]:mode=node;script=latn;language=dflt;+tlig;"
(fontspec)             - 'bold small caps'  (b/sc) with NFSS spec.:
(fontspec)             <->s*[1]"[SourceSansPro-Bold.otf]:mode=node;script=latn;language=dflt;+tlig;+smcp;"
(fontspec)             - 'italic' (m/it) with NFSS spec.:
(fontspec)             <->s*[1]"[SourceSansPro-RegularIt.otf]:mode=node;script=latn;language=dflt;+tlig;"
(fontspec)             - 'italic small caps'  (m/scit) with NFSS spec.: 
(fontspec)             - 'bold italic' (b/it) with NFSS spec.:
(fontspec)             <->s*[1]"[SourceSansPro-BoldIt.otf]:mode=node;script=latn;language=dflt;+tlig;"
(fontspec)             - 'bold italic small caps'  (b/scit) with NFSS spec.: 

LaTeX Font Info:    Font shape `TU/SourceSansPro(0)/m/n' will be
(Font)              scaled to size 10.0pt on input line 123.
luaotfload | aux : font no 30 (nil) does not define feature smcp for script latn with language dflt
luaotfload | aux : font no 31 (nil) does not define feature smcp for script latn with language dflt

Package fontspec Info: Font family 'SourceSansPro(1)' created for font
(fontspec)             'SourceSansPro' with options [Ligatures = TeX,Numbers =
(fontspec)             {, },Scale = 1,Extension = .otf,UprightFont =
(fontspec)             *-Regular,ItalicFont = *-RegularIt,BoldFont =
(fontspec)             *-Bold,BoldItalicFont = *-BoldIt].
(fontspec)              
(fontspec)              This font family consists of the following NFSS
(fontspec)             series/shapes:
(fontspec)              
(fontspec)             - 'normal' (m/n) with NFSS spec.:
(fontspec)             <->s*[1]"[SourceSansPro-Regular.otf]:mode=node;script=latn;language=dflt;+tlig;"
(fontspec)             - 'small caps'  (m/sc) with NFSS spec.:
(fontspec)             <->s*[1]"[SourceSansPro-Regular.otf]:mode=node;script=latn;language=dflt;+tlig;+smcp;"
(fontspec)             - 'bold' (b/n) with NFSS spec.:
(fontspec)             <->s*[1]"[SourceSansPro-Bold.otf]:mode=node;script=latn;language=dflt;+tlig;"
(fontspec)             - 'bold small caps'  (b/sc) with NFSS spec.:
(fontspec)             <->s*[1]"[SourceSansPro-Bold.otf]:mode=node;script=latn;language=dflt;+tlig;+smcp;"
(fontspec)             - 'italic' (m/it) with NFSS spec.:
(fontspec)             <->s*[1]"[SourceSansPro-RegularIt.otf]:mode=node;script=latn;language=dflt;+tlig;"
(fontspec)             - 'italic small caps'  (m/scit) with NFSS spec.: 
(fontspec)             - 'bold italic' (b/it) with NFSS spec.:
(fontspec)             <->s*[1]"[SourceSansPro-BoldIt.otf]:mode=node;script=latn;language=dflt;+tlig;"
(fontspec)             - 'bold italic small caps'  (b/scit) with NFSS spec.: 

luaotfload | aux : font no 37 (nil) does not define feature smcp for script latn with language dflt
luaotfload | aux : font no 38 (nil) does not define feature smcp for script latn with language dflt

Package fontspec Info: Font family 'SourceSansPro(2)' created for font
(fontspec)             'SourceSansPro' with options [Ligatures = TeX,Numbers =
(fontspec)             {, },Scale = 1,Extension = .otf,UprightFont =
(fontspec)             *-Light,ItalicFont = *-LightIt,BoldFont =
(fontspec)             *-Semibold,BoldItalicFont = *-SemiboldIt].
(fontspec)              
(fontspec)              This font family consists of the following NFSS
(fontspec)             series/shapes:
(fontspec)              
(fontspec)             - 'normal' (m/n) with NFSS spec.:
(fontspec)             <->s*[1]"[SourceSansPro-Light.otf]:mode=node;script=latn;language=dflt;+tlig;"
(fontspec)             - 'small caps'  (m/sc) with NFSS spec.:
(fontspec)             <->s*[1]"[SourceSansPro-Light.otf]:mode=node;script=latn;language=dflt;+tlig;+smcp;"
(fontspec)             - 'bold' (b/n) with NFSS spec.:
(fontspec)             <->s*[1]"[SourceSansPro-Semibold.otf]:mode=node;script=latn;language=dflt;+tlig;"
(fontspec)             - 'bold small caps'  (b/sc) with NFSS spec.:
(fontspec)             <->s*[1]"[SourceSansPro-Semibold.otf]:mode=node;script=latn;language=dflt;+tlig;+smcp;"
(fontspec)             - 'italic' (m/it) with NFSS spec.:
(fontspec)             <->s*[1]"[SourceSansPro-LightIt.otf]:mode=node;script=latn;language=dflt;+tlig;"
(fontspec)             - 'italic small caps'  (m/scit) with NFSS spec.: 
(fontspec)             - 'bold italic' (b/it) with NFSS spec.:
(fontspec)             <->s*[1]"[SourceSansPro-SemiboldIt.otf]:mode=node;script=latn;language=dflt;+tlig;"
(fontspec)             - 'bold italic small caps'  (b/scit) with NFSS spec.: 

luaotfload | aux : font no 43 (nil) does not define feature smcp for script latn with language dflt
luaotfload | aux : font no 44 (nil) does not define feature smcp for script latn with language dflt

Package fontspec Info: Font family 'SourceSansPro(3)' created for font
(fontspec)             'SourceSansPro' with options [Ligatures = TeX,Numbers =
(fontspec)             {, },Scale = 1,Extension = .otf,UprightFont =
(fontspec)             *-ExtraLight,ItalicFont = *-ExtraLightIt,BoldFont =
(fontspec)             *-Black,BoldItalicFont = *-BlackIt].
(fontspec)              
(fontspec)              This font family consists of the following NFSS
(fontspec)             series/shapes:
(fontspec)              
(fontspec)             - 'normal' (m/n) with NFSS spec.:
(fontspec)             <->s*[1]"[SourceSansPro-ExtraLight.otf]:mode=node;script=latn;language=dflt;+tlig;"
(fontspec)             - 'small caps'  (m/sc) with NFSS spec.:
(fontspec)             <->s*[1]"[SourceSansPro-ExtraLight.otf]:mode=node;script=latn;language=dflt;+tlig;+smcp;"
(fontspec)             - 'bold' (b/n) with NFSS spec.:
(fontspec)             <->s*[1]"[SourceSansPro-Black.otf]:mode=node;script=latn;language=dflt;+tlig;"
(fontspec)             - 'bold small caps'  (b/sc) with NFSS spec.:
(fontspec)             <->s*[1]"[SourceSansPro-Black.otf]:mode=node;script=latn;language=dflt;+tlig;+smcp;"
(fontspec)             - 'italic' (m/it) with NFSS spec.:
(fontspec)             <->s*[1]"[SourceSansPro-ExtraLightIt.otf]:mode=node;script=latn;language=dflt;+tlig;"
(fontspec)             - 'italic small caps'  (m/scit) with NFSS spec.: 
(fontspec)             - 'bold italic' (b/it) with NFSS spec.:
(fontspec)             <->s*[1]"[SourceSansPro-BlackIt.otf]:mode=node;script=latn;language=dflt;+tlig;"
(fontspec)             - 'bold italic small caps'  (b/scit) with NFSS spec.: 

luaotfload | aux : font no 30 (nil) does not define feature smcp for script latn with language dflt
luaotfload | aux : font no 31 (nil) does not define feature smcp for script latn with language dflt

Package fontspec Info: Font family 'SourceSansPro(4)' created for font
(fontspec)             'SourceSansPro' with options [Ligatures = TeX,Numbers =
(fontspec)             {, },Scale = 1,Extension = .otf,Numbers =,UprightFont =
(fontspec)             *-Regular,ItalicFont = *-RegularIt,BoldFont =
(fontspec)             *-Bold,BoldItalicFont = *-BoldIt].
(fontspec)              
(fontspec)              This font family consists of the following NFSS
(fontspec)             series/shapes:
(fontspec)              
(fontspec)             - 'normal' (m/n) with NFSS spec.:
(fontspec)             <->s*[1]"[SourceSansPro-Regular.otf]:mode=node;script=latn;language=dflt;+tlig;"
(fontspec)             - 'small caps'  (m/sc) with NFSS spec.:
(fontspec)             <->s*[1]"[SourceSansPro-Regular.otf]:mode=node;script=latn;language=dflt;+tlig;+smcp;"
(fontspec)             - 'bold' (b/n) with NFSS spec.:
(fontspec)             <->s*[1]"[SourceSansPro-Bold.otf]:mode=node;script=latn;language=dflt;+tlig;"
(fontspec)             - 'bold small caps'  (b/sc) with NFSS spec.:
(fontspec)             <->s*[1]"[SourceSansPro-Bold.otf]:mode=node;script=latn;language=dflt;+tlig;+smcp;"
(fontspec)             - 'italic' (m/it) with NFSS spec.:
(fontspec)             <->s*[1]"[SourceSansPro-RegularIt.otf]:mode=node;script=latn;language=dflt;+tlig;"
(fontspec)             - 'italic small caps'  (m/scit) with NFSS spec.: 
(fontspec)             - 'bold italic' (b/it) with NFSS spec.:
(fontspec)             <->s*[1]"[SourceSansPro-BoldIt.otf]:mode=node;script=latn;language=dflt;+tlig;"
(fontspec)             - 'bold italic small caps'  (b/scit) with NFSS spec.: 

) (./diagrams/tikz_preamble.tex
\sympureletters=\mathgroup6
LaTeX Font Info:    Overwriting symbol font `pureletters' in version `bold'
(Font)                  OT1/mathkerncmss/m/sl --> OT1/mathkerncmss/bx/sl on input line 4.
 (/usr/share/texlive/texmf-dist/tex/latex/tools/bm.sty
Package: bm 2021/04/25 v1.2e Bold Symbol Support (DPC/FMi)
\symboldoperators=\mathgroup7
\symboldletters=\mathgroup8
\symboldsymbols=\mathgroup9
Package bm Info: No bold for \OMX/cmex/m/n, using \pmb.
Package bm Info: No bold for \U/msa/m/n, using \pmb.
Package bm Info: No bold for \U/msb/m/n, using \pmb.
\symboldpureletters=\mathgroup10
LaTeX Font Info:    Redeclaring math alphabet \mathbf on input line 149.
) (/usr/share/texlive/texmf-dist/tex/latex/physics/physics.sty
Package: physics 
) (/usr/share/texlive/texmf-dist/tex/latex/pgfplots/pgfplots.sty (/usr/share/texlive/texmf-dist/tex/generic/pgfplots/pgfplots.revision.tex)
Package: pgfplots 2021/05/15 v1.18.1 Data Visualization (1.18.1)
 (/usr/share/texlive/texmf-dist/tex/generic/pgfplots/pgfplots.code.tex (/usr/share/texlive/texmf-dist/tex/generic/pgfplots/pgfplotscore.code.tex
Package pgfplots info on input line 124: Initializing with LUA version Lua 5.3
pgfplots.lua: loading complementary lua code for your pgf version...
\pgfplots@luabackend@table=\catcodetable12
\t@pgfplots@toka=\toks56
\t@pgfplots@tokb=\toks57
\t@pgfplots@tokc=\toks58
\pgfplots@tmpa=\dimen323
\c@pgfplots@coordindex=\count375
\c@pgfplots@scanlineindex=\count376
 (/usr/share/texlive/texmf-dist/tex/generic/pgfplots/sys/pgfplotssysgeneric.code.tex)) (/usr/share/texlive/texmf-dist/tex/generic/pgfplots/libs/pgfplotslibrary.code.tex) (/usr/share/texlive/texmf-dist/tex/generic/pgfplots/oldpgfcompatib/pgfplotsoldpgfsupp_loader.code.tex (/usr/share/texlive/texmf-dist/tex/generic/pgf/libraries/pgflibraryfpu.code.tex) (/usr/share/texlive/texmf-dist/tex/generic/pgf/libraries/luamath/pgflibraryluamath.code.tex)
Package pgfplots info on input line 290: luamath library shipped with pgf 3.1.9a is up-to-date
) (/usr/share/texlive/texmf-dist/tex/generic/pgfplots/util/pgfplotsutil.code.tex
Package pgfplots info on input line 82: Found new luatex: initializing lua commands instead of write18 (shell-escape)
 (/usr/share/texlive/texmf-dist/tex/generic/pgfplots/liststructure/pgfplotsliststructure.code.tex) (/usr/share/texlive/texmf-dist/tex/generic/pgfplots/liststructure/pgfplotsliststructureext.code.tex)
(/usr/share/texlive/texmf-dist/tex/generic/pgfplots/liststructure/pgfplotsarray.code.tex
\c@pgfplotsarray@tmp=\count377
) (/usr/share/texlive/texmf-dist/tex/generic/pgfplots/liststructure/pgfplotsmatrix.code.tex) (/usr/share/texlive/texmf-dist/tex/generic/pgfplots/numtable/pgfplotstableshared.code.tex
\c@pgfplotstable@counta=\count378
\t@pgfplotstable@a=\toks59
) (/usr/share/texlive/texmf-dist/tex/generic/pgfplots/liststructure/pgfplotsdeque.code.tex) (/usr/share/texlive/texmf-dist/tex/generic/pgfplots/util/pgfplotsbinary.code.tex (/usr/share/texlive/texmf-dist/tex/generic/pgfplots/util/pgfplotsbinary.data.code.tex)) (/usr/share/texlive/texmf-dist/tex/generic/pgfplots/util/pgfplotsutil.verb.code.tex) (/usr/share/texlive/texmf-dist/tex/generic/pgfplots/libs/pgflibrarypgfplots.surfshading.code.tex
\c@pgfplotslibrarysurf@no=\count379
 (/usr/share/texlive/texmf-dist/tex/generic/pgfplots/sys/pgflibrarypgfplots.surfshading.pgfsys-luatex.def))) (/usr/share/texlive/texmf-dist/tex/generic/pgfplots/util/pgfplotscolormap.code.tex (/usr/share/texlive/texmf-dist/tex/generic/pgfplots/util/pgfplotscolor.code.tex)) (/usr/share/texlive/texmf-dist/tex/generic/pgfplots/pgfplotsstackedplots.code.tex) (/usr/share/texlive/texmf-dist/tex/generic/pgfplots/pgfplotsplothandlers.code.tex (/usr/share/texlive/texmf-dist/tex/generic/pgfplots/pgfplotsmeshplothandler.code.tex (/usr/share/texlive/texmf-dist/tex/generic/pgfplots/pgfplotsmeshplotimage.code.tex))) (/usr/share/texlive/texmf-dist/tex/generic/pgfplots/pgfplots.scaling.code.tex) (/usr/share/texlive/texmf-dist/tex/generic/pgfplots/pgfplotscoordprocessing.code.tex) (/usr/share/texlive/texmf-dist/tex/generic/pgfplots/pgfplots.errorbars.code.tex) (/usr/share/texlive/texmf-dist/tex/generic/pgfplots/pgfplots.markers.code.tex) (/usr/share/texlive/texmf-dist/tex/generic/pgfplots/pgfplotsticks.code.tex) (/usr/share/texlive/texmf-dist/tex/generic/pgfplots/pgfplots.paths.code.tex) (/usr/share/texlive/texmf-dist/tex/generic/pgfplots/libs/tikzlibrarypgfplots.contourlua.code.tex)
\pgfplots@numplots=\count380
\pgfplots@xmin@reg=\dimen324
\pgfplots@xmax@reg=\dimen325
\pgfplots@ymin@reg=\dimen326
\pgfplots@ymax@reg=\dimen327
\pgfplots@zmin@reg=\dimen328
\pgfplots@zmax@reg=\dimen329
)
(/usr/share/texlive/texmf-dist/tex/generic/pgf/frontendlayer/tikz/libraries/tikzlibraryplotmarks.code.tex
File: tikzlibraryplotmarks.code.tex 2021/05/15 v3.1.9a (3.1.9a)
 (/usr/share/texlive/texmf-dist/tex/generic/pgf/libraries/pgflibraryplotmarks.code.tex
File: pgflibraryplotmarks.code.tex 2021/05/15 v3.1.9a (3.1.9a)
))) (/usr/share/texlive/texmf-dist/tex/latex/contour/contour.sty
Package: contour 2004/11/18 v2.14 Print contoured text (HH, MH)
\con@length=\skip68

Loading configuration file `contour.cfg'.
(/usr/share/texlive/texmf-dist/tex/latex/contour/contour.cfg
File: contour.cfg 2004/11/18 v2.14 Print contoured text (HH, MH)
)
contour: Using driver file `dvips.cnt'.
(/usr/share/texlive/texmf-dist/tex/latex/contour/dvips.cnt
File: dvips.cnt 2004/11/18 v2.14 Print contoured text (HH, MH)
)) (/usr/share/texlive/texmf-dist/tex/generic/pgf/frontendlayer/tikz/libraries/tikzlibraryangles.code.tex
File: tikzlibraryangles.code.tex 2021/05/15 v3.1.9a (3.1.9a)
) (/usr/share/texlive/texmf-dist/tex/generic/pgf/frontendlayer/tikz/libraries/tikzlibraryquotes.code.tex
File: tikzlibraryquotes.code.tex 2021/05/15 v3.1.9a (3.1.9a)
) (/usr/share/texlive/texmf-dist/tex/generic/pgf/frontendlayer/tikz/libraries/tikzlibrarysnakes.code.tex
File: tikzlibrarysnakes.code.tex 2021/05/15 v3.1.9a (3.1.9a)


Package pgf Warning: Snakes have been superseded by decorations. Please use the decoration libraries instead of the snakes library on input line 14.

(/usr/share/texlive/texmf-dist/tex/generic/pgf/frontendlayer/tikz/libraries/tikzlibrarydecorations.shapes.code.tex (/usr/share/texlive/texmf-dist/tex/generic/pgf/libraries/decorations/pgflibrarydecorations.shapes.code.tex)))) (/usr/share/texlive/texmf-dist/tex/latex/tools/tabularx.sty
Package: tabularx 2020/01/15 v2.11c `tabularx' package (DPC)
 (/usr/share/texlive/texmf-dist/tex/latex/tools/array.sty
Package: array 2021/10/04 v2.5f Tabular extension package (FMi)
\col@sep=\dimen330
\ar@mcellbox=\box104
\extrarowheight=\dimen331
\NC@list=\toks60
\extratabsurround=\skip69
\backup@length=\skip70
\ar@cellbox=\box105
)
\TX@col@width=\dimen332
\TX@old@table=\dimen333
\TX@old@col=\dimen334
\TX@target=\dimen335
\TX@delta=\dimen336
\TX@cols=\count381
\TX@ftn=\toks61
) (./main.aux (./frames/scope.aux) (./frames/scope.aux))
\openout1 = main.aux

LaTeX Font Info:    Checking defaults for OML/cmm/m/it on input line 70.
LaTeX Font Info:    ... okay on input line 70.
LaTeX Font Info:    Checking defaults for OMS/cmsy/m/n on input line 70.
LaTeX Font Info:    ... okay on input line 70.
LaTeX Font Info:    Checking defaults for OT1/cmr/m/n on input line 70.
LaTeX Font Info:    ... okay on input line 70.
LaTeX Font Info:    Checking defaults for T1/cmr/m/n on input line 70.
LaTeX Font Info:    ... okay on input line 70.
LaTeX Font Info:    Checking defaults for TS1/cmr/m/n on input line 70.
LaTeX Font Info:    Trying to load font information for TS1+cmr on input line 70.
 (/usr/share/texlive/texmf-dist/tex/latex/base/ts1cmr.fd
File: ts1cmr.fd 2019/12/16 v2.5j Standard LaTeX font definitions
)
LaTeX Font Info:    ... okay on input line 70.
LaTeX Font Info:    Checking defaults for TU/lmr/m/n on input line 70.
LaTeX Font Info:    ... okay on input line 70.
LaTeX Font Info:    Checking defaults for OMX/cmex/m/n on input line 70.
LaTeX Font Info:    ... okay on input line 70.
LaTeX Font Info:    Checking defaults for U/cmr/m/n on input line 70.
LaTeX Font Info:    ... okay on input line 70.
LaTeX Font Info:    Checking defaults for PD1/pdf/m/n on input line 70.
LaTeX Font Info:    ... okay on input line 70.
LaTeX Font Info:    Checking defaults for PU/pdf/m/n on input line 70.
LaTeX Font Info:    ... okay on input line 70.
LaTeX Font Info:    Checking defaults for LGR/cmr/m/n on input line 70.
LaTeX Font Info:    Trying to load font information for LGR+cmr on input line 70.
 (/usr/share/texlive/texmf-dist/tex/latex/cbfonts-fd/lgrcmr.fd
File: lgrcmr.fd 2017/07/29 v1.2 Greek European Computer Regular
)
LaTeX Font Info:    ... okay on input line 70.

*geometry* driver: auto-detecting
*geometry* detected driver: luatex
*geometry* verbose mode - [ preamble ] result:
* driver: luatex
* paper: custom
* layout: <same size as paper>
* layoutoffset:(h,v)=(0.0pt,0.0pt)
* modes: includehead includefoot 
* h-part:(L,W,R)=(85.35825pt, 264.61075pt, 14.22636pt)
* v-part:(T,H,B)=(0.0pt, 273.14662pt, 0.0pt)
* \paperwidth=364.19536pt
* \paperheight=273.14662pt
* \textwidth=264.61075pt
* \textheight=244.6939pt
* \oddsidemargin=13.08826pt
* \evensidemargin=13.08826pt
* \topmargin=-72.26999pt
* \headheight=14.22636pt
* \headsep=0.0pt
* \topskip=10.0pt
* \footskip=14.22636pt
* \marginparwidth=3.0pt
* \marginparsep=11.0pt
* \columnsep=10.0pt
* \skip\footins=9.0pt plus 4.0pt minus 2.0pt
* \hoffset=0.0pt
* \voffset=0.0pt
* \mag=1000
* \@twocolumnfalse
* \@twosidefalse
* \@mparswitchfalse
* \@reversemarginfalse
* (1in=72.27pt=25.4mm, 1cm=28.453pt)

(/usr/share/texlive/texmf-dist/tex/context/base/mkii/supp-pdf.mkii
[Loading MPS to PDF converter (version 2006.09.02).]
\scratchcounter=\count382
\scratchdimen=\dimen337
\scratchbox=\box106
\nofMPsegments=\count383
\nofMParguments=\count384
\everyMPshowfont=\toks62
\MPscratchCnt=\count385
\MPscratchDim=\dimen338
\MPnumerator=\count386
\makeMPintoPDFobject=\count387
\everyMPtoPDFconversion=\toks63
) (/usr/share/texlive/texmf-dist/tex/latex/epstopdf-pkg/epstopdf-base.sty
Package: epstopdf-base 2020-01-24 v2.11 Base part for package epstopdf
Package epstopdf-base Info: Redefining graphics rule for `.eps' on input line 485.
 (/usr/share/texlive/texmf-dist/tex/latex/latexconfig/epstopdf-sys.cfg
File: epstopdf-sys.cfg 2010/07/13 v1.3 Configuration of (r)epstopdf for TeX Live
))
Package hyperref Info: Link coloring OFF on input line 70.
 (/usr/share/texlive/texmf-dist/tex/latex/hyperref/nameref.sty
Package: nameref 2021-04-02 v2.47 Cross-referencing by name of section
 (/usr/share/texlive/texmf-dist/tex/latex/refcount/refcount.sty
Package: refcount 2019/12/15 v3.6 Data extraction from label references (HO)
) (/usr/share/texlive/texmf-dist/tex/generic/gettitlestring/gettitlestring.sty
Package: gettitlestring 2019/12/15 v1.6 Cleanup title references (HO)
)
\c@section@level=\count388
)
LaTeX Info: Redefining \ref on input line 70.
LaTeX Info: Redefining \pageref on input line 70.
LaTeX Info: Redefining \nameref on input line 70.
 (./main.out) (./main.out)
\@outlinefile=\write5

\openout5 = main.out
LaTeX Font Info:    Overwriting symbol font `operators' in version `normal'
(Font)                  OT1/cmr/m/n --> OT1/cmss/m/n on input line 70.
LaTeX Font Info:    Overwriting symbol font `operators' in version `bold'
(Font)                  OT1/cmr/bx/n --> OT1/cmss/b/n on input line 70.
\symnumbers=\mathgroup11
LaTeX Font Info:    Redeclaring symbol font `pureletters' on input line 70.
LaTeX Font Info:    Encoding `OT1' has changed to `TU' for symbol font
(Font)              `pureletters' in the math version `normal' on input line 70.
LaTeX Font Info:    Overwriting symbol font `pureletters' in version `normal'
(Font)                  OT1/mathkerncmss/m/sl --> TU/SourceSansPro(0)/m/it on input line 70.
LaTeX Font Info:    Encoding `OT1' has changed to `TU' for symbol font
(Font)              `pureletters' in the math version `bold' on input line 70.
LaTeX Font Info:    Overwriting symbol font `pureletters' in version `bold'
(Font)                  OT1/mathkerncmss/bx/sl --> TU/SourceSansPro(0)/m/it on input line 70.
LaTeX Font Info:    Overwriting math alphabet `\mathrm' in version `normal'
(Font)                  OT1/cmss/m/n --> TU/CrimsonPro(0)/m/n on input line 70.
LaTeX Font Info:    Redeclaring math alphabet \mathbf on input line 70.
LaTeX Font Info:    Redeclaring math alphabet \mathsf on input line 70.
LaTeX Font Info:    Overwriting math alphabet `\mathsf' in version `normal'
(Font)                  OT1/cmss/m/n --> TU/SourceSansPro(0)/m/n on input line 70.
LaTeX Font Info:    Overwriting math alphabet `\mathsf' in version `bold'
(Font)                  OT1/cmss/bx/n --> TU/SourceSansPro(0)/m/n on input line 70.
LaTeX Font Info:    Redeclaring math alphabet \mathit on input line 70.
LaTeX Font Info:    Overwriting math alphabet `\mathit' in version `normal'
(Font)                  OT1/cmr/m/it --> TU/SourceSansPro(0)/m/it on input line 70.
LaTeX Font Info:    Overwriting math alphabet `\mathit' in version `bold'
(Font)                  OT1/cmr/bx/it --> TU/SourceSansPro(0)/m/it on input line 70.
LaTeX Font Info:    Redeclaring math alphabet \mathtt on input line 70.
LaTeX Font Info:    Overwriting math alphabet `\mathtt' in version `normal'
(Font)                  OT1/cmtt/m/n --> TU/lmtt/m/n on input line 70.
LaTeX Font Info:    Overwriting math alphabet `\mathtt' in version `bold'
(Font)                  OT1/cmtt/m/n --> TU/lmtt/m/n on input line 70.
LaTeX Font Info:    Overwriting symbol font `numbers' in version `bold'
(Font)                  TU/SourceSansPro(0)/m/n --> TU/SourceSansPro(0)/b/n on input line 70.
LaTeX Font Info:    Overwriting symbol font `pureletters' in version `bold'
(Font)                  TU/SourceSansPro(0)/m/it --> TU/SourceSansPro(0)/b/it on input line 70.
LaTeX Font Info:    Overwriting math alphabet `\mathrm' in version `bold'
(Font)                  OT1/cmss/b/n --> TU/CrimsonPro(0)/b/n on input line 70.
LaTeX Font Info:    Overwriting math alphabet `\mathbf' in version `bold'
(Font)                  TU/SourceSansPro(0)/b/n --> TU/SourceSansPro(0)/b/n on input line 70.
LaTeX Font Info:    Overwriting math alphabet `\mathsf' in version `bold'
(Font)                  TU/SourceSansPro(0)/m/n --> TU/SourceSansPro(0)/b/n on input line 70.
LaTeX Font Info:    Overwriting math alphabet `\mathit' in version `bold'
(Font)                  TU/SourceSansPro(0)/m/it --> TU/SourceSansPro(0)/b/it on input line 70.
LaTeX Font Info:    Overwriting math alphabet `\mathtt' in version `bold'
(Font)                  TU/lmtt/m/n --> TU/lmtt/b/n on input line 70.
LaTeX Font Info:    Redeclaring symbol font `boldpureletters' on input line 70.
LaTeX Font Info:    Encoding `OT1' has changed to `TU' for symbol font
(Font)              `boldpureletters' in the math version `normal' on input line 70.
LaTeX Font Info:    Overwriting symbol font `boldpureletters' in version `normal'
(Font)                  OT1/mathkerncmss/bx/sl --> TU/SourceSansPro(0)/bx/it on input line 70.
LaTeX Font Info:    Encoding `OT1' has changed to `TU' for symbol font
(Font)              `boldpureletters' in the math version `bold' on input line 70.
LaTeX Font Info:    Overwriting symbol font `boldpureletters' in version `bold'
(Font)                  OT1/mathkerncmss/bx/sl --> TU/SourceSansPro(0)/bx/it on input line 70.
 (/usr/share/texlive/texmf-dist/tex/latex/translator/translator-basic-dictionary-English.dict
Dictionary: translator-basic-dictionary, Language: English 
) (/usr/share/texlive/texmf-dist/tex/latex/translator/translator-bibliography-dictionary-English.dict
Dictionary: translator-bibliography-dictionary, Language: English 
) (/usr/share/texlive/texmf-dist/tex/latex/translator/translator-environment-dictionary-English.dict
Dictionary: translator-environment-dictionary, Language: English 
) (/usr/share/texlive/texmf-dist/tex/latex/translator/translator-months-dictionary-English.dict
Dictionary: translator-months-dictionary, Language: English 
) (/usr/share/texlive/texmf-dist/tex/latex/translator/translator-numbers-dictionary-English.dict
Dictionary: translator-numbers-dictionary, Language: English 
) (/usr/share/texlive/texmf-dist/tex/latex/translator/translator-theorem-dictionary-English.dict
Dictionary: translator-theorem-dictionary, Language: English 
)

Package todonotes Warning: The length marginparwidth is less than 2cm and will most likely cause issues with the appearance of inserted todonotes. The issue can be solved by adding a line like \setlength {\marginparwidth }{2cm} prior to loading the todonotes package. on input line 70.

\c@lstlisting=\count389

Package fontspec Info: Adjusting the maths setup (use [no-math] to avoid
(fontspec)             this).

\symlegacymaths=\mathgroup12
LaTeX Font Info:    Overwriting symbol font `legacymaths' in version `bold'
(Font)                  OT1/cmr/m/n --> OT1/cmr/bx/n on input line 70.
LaTeX Font Info:    Redeclaring math accent \acute on input line 70.
LaTeX Font Info:    Redeclaring math accent \grave on input line 70.
LaTeX Font Info:    Redeclaring math accent \ddot on input line 70.
LaTeX Font Info:    Redeclaring math accent \tilde on input line 70.
LaTeX Font Info:    Redeclaring math accent \bar on input line 70.
LaTeX Font Info:    Redeclaring math accent \breve on input line 70.
LaTeX Font Info:    Redeclaring math accent \check on input line 70.
LaTeX Font Info:    Redeclaring math accent \hat on input line 70.
LaTeX Font Info:    Redeclaring math accent \dot on input line 70.
LaTeX Font Info:    Redeclaring math accent \mathring on input line 70.
LaTeX Font Info:    Redeclaring math symbol \Gamma on input line 70.
LaTeX Font Info:    Redeclaring math symbol \Delta on input line 70.
LaTeX Font Info:    Redeclaring math symbol \Theta on input line 70.
LaTeX Font Info:    Redeclaring math symbol \Lambda on input line 70.
LaTeX Font Info:    Redeclaring math symbol \Xi on input line 70.
LaTeX Font Info:    Redeclaring math symbol \Pi on input line 70.
LaTeX Font Info:    Redeclaring math symbol \Sigma on input line 70.
LaTeX Font Info:    Redeclaring math symbol \Upsilon on input line 70.
LaTeX Font Info:    Redeclaring math symbol \Phi on input line 70.
LaTeX Font Info:    Redeclaring math symbol \Psi on input line 70.
LaTeX Font Info:    Redeclaring math symbol \Omega on input line 70.
LaTeX Font Info:    Redeclaring math symbol \mathdollar on input line 70.
LaTeX Font Info:    Redeclaring symbol font `operators' on input line 70.
LaTeX Font Info:    Encoding `OT1' has changed to `TU' for symbol font
(Font)              `operators' in the math version `normal' on input line 70.
LaTeX Font Info:    Overwriting symbol font `operators' in version `normal'
(Font)                  OT1/cmss/m/n --> TU/CrimsonPro(0)/m/n on input line 70.
LaTeX Font Info:    Encoding `OT1' has changed to `TU' for symbol font
(Font)              `operators' in the math version `bold' on input line 70.
LaTeX Font Info:    Overwriting symbol font `operators' in version `bold'
(Font)                  OT1/cmss/b/n --> TU/CrimsonPro(0)/m/n on input line 70.
LaTeX Font Info:    Overwriting symbol font `operators' in version `normal'
(Font)                  TU/CrimsonPro(0)/m/n --> TU/CrimsonPro(0)/m/n on input line 70.
LaTeX Font Info:    Redeclaring math alphabet \mathrm on input line 70.
LaTeX Font Info:    Overwriting math alphabet `\mathit' in version `normal'
(Font)                  TU/SourceSansPro(0)/m/it --> TU/CrimsonPro(0)/m/it on input line 70.
LaTeX Font Info:    Overwriting math alphabet `\mathbf' in version `normal'
(Font)                  TU/SourceSansPro(0)/b/n --> TU/CrimsonPro(0)/b/n on input line 70.
LaTeX Font Info:    Overwriting math alphabet `\mathsf' in version `normal'
(Font)                  TU/SourceSansPro(0)/m/n --> TU/SourceSansPro(0)/m/n on input line 70.
LaTeX Font Info:    Overwriting math alphabet `\mathtt' in version `normal'
(Font)                  TU/lmtt/m/n --> TU/lmtt/m/n on input line 70.
LaTeX Font Info:    Overwriting symbol font `operators' in version `bold'
(Font)                  TU/CrimsonPro(0)/m/n --> TU/CrimsonPro(0)/b/n on input line 70.
LaTeX Font Info:    Overwriting math alphabet `\mathit' in version `bold'
(Font)                  TU/SourceSansPro(0)/b/it --> TU/CrimsonPro(0)/b/it on input line 70.
LaTeX Font Info:    Overwriting math alphabet `\mathsf' in version `bold'
(Font)                  TU/SourceSansPro(0)/b/n --> TU/SourceSansPro(0)/b/n on input line 70.
LaTeX Font Info:    Overwriting math alphabet `\mathtt' in version `bold'
(Font)                  TU/lmtt/b/n --> TU/lmtt/b/n on input line 70.

Package pgfplots Warning: running in backwards compatibility mode (unsuitable tick labels; missing features). Consider writing \pgfplotsset{compat=1.18} into your preamble.
 on input line 70.

(./main.nav)
LaTeX Font Info:    Font shape `TU/SourceSansPro(0)/m/n' will be
(Font)              scaled to size 5.0pt on input line 70.
LaTeX Font Info:    Font shape `TU/SourceSansPro(0)/m/n' will be
(Font)              scaled to size 24.88pt on input line 76.
LaTeX Font Info:    Font shape `TU/CrimsonPro(0)/m/n' will be
(Font)              scaled to size 24.88pt on input line 76.
LaTeX Font Info:    Font shape `TU/CrimsonPro(0)/m/n' will be
(Font)              scaled to size 12.0pt on input line 76.
LaTeX Font Info:    Font shape `TU/CrimsonPro(0)/m/n' will be
(Font)              scaled to size 10.0pt on input line 76.
LaTeX Font Info:    Font shape `TU/SourceSansPro(0)/m/n' will be
(Font)              scaled to size 4.0pt on input line 76.
LaTeX Font Info:    Font shape `TU/SourceSansPro(0)/m/n' will be
(Font)              scaled to size 9.0pt on input line 76.
LaTeX Font Info:    Calculating math sizes for size <4> on input line 76.
LaTeX Font Info:    Font shape `TU/CrimsonPro(0)/m/n' will be
(Font)              scaled to size 4.0pt on input line 76.
LaTeX Font Info:    Font shape `TU/CrimsonPro(0)/m/n' will be
(Font)              scaled to size 2.79999pt on input line 76.
LaTeX Font Info:    Font shape `TU/CrimsonPro(0)/m/n' will be
(Font)              scaled to size 2.0pt on input line 76.


LaTeX Font Warning: Font shape `OML/cmm/m/it' in size <4> not available
(Font)              size <5> substituted on input line 76.


LaTeX Font Warning: Font shape `OML/cmm/m/it' in size <2.79999> not available
(Font)              size <5> substituted on input line 76.


LaTeX Font Warning: Font shape `OML/cmm/m/it' in size <2> not available
(Font)              size <5> substituted on input line 76.


LaTeX Font Warning: Font shape `OMS/cmsy/m/n' in size <4> not available
(Font)              size <5> substituted on input line 76.


LaTeX Font Warning: Font shape `OMS/cmsy/m/n' in size <2.79999> not available
(Font)              size <5> substituted on input line 76.


LaTeX Font Warning: Font shape `OMS/cmsy/m/n' in size <2> not available
(Font)              size <5> substituted on input line 76.

LaTeX Font Info:    Trying to load font information for U+msa on input line 76.
(/usr/share/texlive/texmf-dist/tex/latex/amsfonts/umsa.fd
File: umsa.fd 2013/01/14 v3.01 AMS symbols A
)
LaTeX Font Info:    Trying to load font information for U+msb on input line 76.
 (/usr/share/texlive/texmf-dist/tex/latex/amsfonts/umsb.fd
File: umsb.fd 2013/01/14 v3.01 AMS symbols B
)
LaTeX Font Info:    Font shape `TU/SourceSansPro(0)/m/it' will be
(Font)              scaled to size 4.0pt on input line 76.
LaTeX Font Info:    Font shape `TU/SourceSansPro(0)/m/it' will be
(Font)              scaled to size 2.79999pt on input line 76.
LaTeX Font Info:    Font shape `TU/SourceSansPro(0)/m/it' will be
(Font)              scaled to size 2.0pt on input line 76.


LaTeX Font Warning: Font shape `OT1/cmr/bx/n' in size <2> not available
(Font)              size <3> substituted on input line 76.


LaTeX Font Warning: Font shape `OML/cmm/b/it' in size <4> not available
(Font)              size <5> substituted on input line 76.


LaTeX Font Warning: Font shape `OML/cmm/b/it' in size <2.79999> not available
(Font)              size <5> substituted on input line 76.


LaTeX Font Warning: Font shape `OML/cmm/b/it' in size <2> not available
(Font)              size <5> substituted on input line 76.


LaTeX Font Warning: Font shape `OMS/cmsy/b/n' in size <4> not available
(Font)              size <5> substituted on input line 76.


LaTeX Font Warning: Font shape `OMS/cmsy/b/n' in size <2.79999> not available
(Font)              size <5> substituted on input line 76.


LaTeX Font Warning: Font shape `OMS/cmsy/b/n' in size <2> not available
(Font)              size <5> substituted on input line 76.

LaTeX Font Info:    Font shape `TU/SourceSansPro(0)/bx/it' in size <4> not available
(Font)              Font shape `TU/SourceSansPro(0)/b/it' tried instead on input line 76.
LaTeX Font Info:    Font shape `TU/SourceSansPro(0)/b/it' will be
(Font)              scaled to size 4.0pt on input line 76.
LaTeX Font Info:    Font shape `TU/SourceSansPro(0)/bx/it' in size <2.79999> not available
(Font)              Font shape `TU/SourceSansPro(0)/b/it' tried instead on input line 76.
LaTeX Font Info:    Font shape `TU/SourceSansPro(0)/b/it' will be
(Font)              scaled to size 2.79999pt on input line 76.
LaTeX Font Info:    Font shape `TU/SourceSansPro(0)/bx/it' in size <2> not available
(Font)              Font shape `TU/SourceSansPro(0)/b/it' tried instead on input line 76.
LaTeX Font Info:    Font shape `TU/SourceSansPro(0)/b/it' will be
(Font)              scaled to size 2.0pt on input line 76.
LaTeX Font Info:    Font shape `TU/SourceSansPro(0)/m/n' will be
(Font)              scaled to size 2.79999pt on input line 76.
LaTeX Font Info:    Font shape `TU/SourceSansPro(0)/m/n' will be
(Font)              scaled to size 2.0pt on input line 76.

LaTeX Font Warning: Font shape `OT1/cmr/m/n' in size <2> not available
(Font)              size <3> substituted on input line 76.

LaTeX Font Info:    Font shape `TU/SourceSansPro(0)/m/n' will be
(Font)              scaled to size 6.0pt on input line 76.
LaTeX Font Info:    Font shape `TU/CrimsonPro(0)/m/n' will be
(Font)              scaled to size 6.0pt on input line 76.
LaTeX Font Info:    Font shape `TU/CrimsonPro(0)/m/n' will be
(Font)              scaled to size 5.0pt on input line 76.
LaTeX Font Info:    Font shape `TU/SourceSansPro(0)/m/it' will be
(Font)              scaled to size 6.0pt on input line 76.
LaTeX Font Info:    Font shape `TU/SourceSansPro(0)/m/it' will be
(Font)              scaled to size 5.0pt on input line 76.
LaTeX Font Info:    Font shape `TU/SourceSansPro(0)/bx/it' in size <6> not available
(Font)              Font shape `TU/SourceSansPro(0)/b/it' tried instead on input line 76.
LaTeX Font Info:    Font shape `TU/SourceSansPro(0)/b/it' will be
(Font)              scaled to size 6.0pt on input line 76.
LaTeX Font Info:    Font shape `TU/SourceSansPro(0)/bx/it' in size <5> not available
(Font)              Font shape `TU/SourceSansPro(0)/b/it' tried instead on input line 76.
LaTeX Font Info:    Font shape `TU/SourceSansPro(0)/b/it' will be
(Font)              scaled to size 5.0pt on input line 76.
[1{/var/lib/texmf/fonts/map/pdftex/updmap/pdftex.map}

<./logo.png>] (./frames/intro.tex
\openout2 = frames/scope.aux
 (./frames/scope.tex
LaTeX Font Info:    Font shape `TU/CrimsonPro(0)/m/n' will be
(Font)              scaled to size 7.0pt on input line 7.
LaTeX Font Info:    Font shape `TU/SourceSansPro(0)/m/it' will be
(Font)              scaled to size 10.0pt on input line 7.
LaTeX Font Info:    Font shape `TU/SourceSansPro(0)/m/it' will be
(Font)              scaled to size 7.0pt on input line 7.
LaTeX Font Info:    Font shape `TU/SourceSansPro(0)/bx/it' in size <10> not available
(Font)              Font shape `TU/SourceSansPro(0)/b/it' tried instead on input line 7.
LaTeX Font Info:    Font shape `TU/SourceSansPro(0)/b/it' will be
(Font)              scaled to size 10.0pt on input line 7.
LaTeX Font Info:    Font shape `TU/SourceSansPro(0)/bx/it' in size <7> not available
(Font)              Font shape `TU/SourceSansPro(0)/b/it' tried instead on input line 7.
LaTeX Font Info:    Font shape `TU/SourceSansPro(0)/b/it' will be
(Font)              scaled to size 7.0pt on input line 7.
LaTeX Font Info:    Font shape `TU/SourceSansPro(0)/m/n' will be
(Font)              scaled to size 7.0pt on input line 7.
LaTeX Font Info:    Font shape `TU/SourceSansPro(0)/m/n' will be
(Font)              scaled to size 14.4pt on input line 7.
LaTeX Font Info:    Font shape `TU/CrimsonPro(0)/m/n' will be
(Font)              scaled to size 14.4pt on input line 7.
LaTeX Font Info:    Font shape `TU/SourceSansPro(0)/m/it' will be
(Font)              scaled to size 14.4pt on input line 7.
LaTeX Font Info:    Font shape `TU/SourceSansPro(0)/bx/it' in size <14.4> not available
(Font)              Font shape `TU/SourceSansPro(0)/b/it' tried instead on input line 7.
LaTeX Font Info:    Font shape `TU/SourceSansPro(0)/b/it' will be
(Font)              scaled to size 14.4pt on input line 7.
 [2


] [3

])) (./frames/spintronic.tex

! Package pgfkeys Error: I do not know the key '/tikz/scale line widths' and I am going to ignore it. Perhaps you misspelled it.

See the pgfkeys package documentation for explanation.
Type  H <return>  for immediate help.
 ...                                              
                                                  
l.39 \end{frame}
              
This error message was generated by an \errmessage
command, so I can't give any explicit help.
Pretend that you're Hercule Poirot: Examine all clues,
and deduce the truth by order and method.

LaTeX Font Info:    Font shape `TU/CrimsonPro(0)/b/n' will be
(Font)              scaled to size 10.0pt on input line 39.
LaTeX Font Info:    Font shape `TU/CrimsonPro(0)/b/n' will be
(Font)              scaled to size 7.0pt on input line 39.
LaTeX Font Info:    Font shape `TU/CrimsonPro(0)/b/n' will be
(Font)              scaled to size 5.0pt on input line 39.

Overfull \hbox (532.5619pt too wide) in paragraph at lines 39--39
[][]  
 []

LaTeX Font Info:    Font shape `TU/CrimsonPro(0)/b/n' will be
(Font)              scaled to size 14.4pt on input line 39.
LaTeX Font Info:    Font shape `TU/CrimsonPro(0)/b/n' will be
(Font)              scaled to size 4.0pt on input line 39.
LaTeX Font Info:    Font shape `TU/CrimsonPro(0)/b/n' will be
(Font)              scaled to size 2.79999pt on input line 39.
LaTeX Font Info:    Font shape `TU/CrimsonPro(0)/b/n' will be
(Font)              scaled to size 2.0pt on input line 39.
LaTeX Font Info:    Font shape `TU/CrimsonPro(0)/b/n' will be
(Font)              scaled to size 6.0pt on input line 39.
[4



]

! Package pgfkeys Error: I do not know the key '/tikz/scale line widths' and I am going to ignore it. Perhaps you misspelled it.

See the pgfkeys package documentation for explanation.
Type  H <return>  for immediate help.
 ...                                              
                                                  
l.39 \end{frame}
              
(That was another \errmessage.)


Overfull \hbox (532.5619pt too wide) in paragraph at lines 39--39
[][]  
 []

[5

]) [6

]
LaTeX Font Info:    Font shape `TU/SourceSansPro(0)/b/n' will be
(Font)              scaled to size 10.0pt on input line 115.
LaTeX Font Info:    Font shape `TU/SourceSansPro(0)/b/n' will be
(Font)              scaled to size 9.0pt on input line 115.
LaTeX Font Info:    Font shape `TU/CrimsonPro(0)/m/n' will be
(Font)              scaled to size 9.0pt on input line 115.
LaTeX Font Info:    Font shape `TU/SourceSansPro(0)/m/it' will be
(Font)              scaled to size 9.0pt on input line 115.
LaTeX Font Info:    Font shape `TU/SourceSansPro(0)/bx/it' in size <9> not available
(Font)              Font shape `TU/SourceSansPro(0)/b/it' tried instead on input line 115.
LaTeX Font Info:    Font shape `TU/SourceSansPro(0)/b/it' will be
(Font)              scaled to size 9.0pt on input line 115.
LaTeX Font Info:    Font shape `TU/CrimsonPro(0)/b/n' will be
(Font)              scaled to size 9.0pt on input line 115.
 [7

] [8

] [9

]

Package hyperref Warning: Token not allowed in a PDF string (Unicode):
(hyperref)                removing `math shift' on input line 152.


Package hyperref Warning: Token not allowed in a PDF string (Unicode):
(hyperref)                removing `math shift' on input line 152.


Package hyperref Warning: Token not allowed in a PDF string (Unicode):
(hyperref)                removing `math shift' on input line 152.


Package hyperref Warning: Token not allowed in a PDF string (Unicode):
(hyperref)                removing `math shift' on input line 152.

[10

] (./frames/summary.tex [11

]) (./frames/conclusion.tex
\openout2 = frames/scope.aux
 (./frames/scope.tex [12


] [13

]) [14



])
\tf@nav=\write6

\openout6 = main.nav
\tf@toc=\write7

\openout7 = main.toc
\tf@snm=\write8

\openout8 = main.snm
 (./main.aux (./frames/scope.aux) (./frames/scope.aux))

LaTeX Font Warning: Size substitutions with differences
(Font)              up to 3.0pt have occurred.

Package rerunfilecheck Info: File `main.out' has not changed.
(rerunfilecheck)             Checksum: 1751645E0897B4E2D9551BFCCD2BC395;1023.
)

Here is how much of LuaTeX's memory you used:
 51586 strings out of 477805
 125016,1977958 words of node,token memory allocated
 1954 words of node memory still in use:
   41 hlist, 6 vlist, 14 rule, 1 disc, 2 local_par, 27 glue, 7 kern, 12 penalty, 12 glyph, 112 attribute, 64 glue_spec, 112 attribute_list, 4 write, 24 pdf_literal, 30 pdf_colorstack nodes
   avail lists: 1:8,2:1486,3:815,4:365,5:316,6:86,7:2461,8:43,9:665,10:12,11:124
 70053 multiletter control sequences out of 65536+600000
 165 fonts using 24703967 bytes
 128i,18n,115p,782b,1510s stack positions out of 5000i,500n,10000p,200000b,80000s
</usr/share/texlive/texmf-dist/fonts/opentype/adobe/sourcesanspro/SourceSansPro-Bold.otf></usr/share/texlive/texmf-dist/fonts/truetype/public/crimsonpro/CrimsonPro-Bold.ttf></usr/share/texlive/texmf-dist/fonts/truetype/public/crimsonpro/CrimsonPro-Regular.ttf></usr/share/texlive/texmf-dist/fonts/opentype/adobe/sourcesanspro/SourceSansPro-RegularIt.otf></usr/share/texlive/texmf-dist/fonts/opentype/adobe/sourcesanspro/SourceSansPro-Regular.otf></usr/share/texlive/texmf-dist/fonts/type1/public/amsfonts/cmextra/cmex9.pfb></usr/share/texlive/texmf-dist/fonts/type1/public/amsfonts/cm/cmmi12.pfb></usr/share/texlive/texmf-dist/fonts/type1/public/amsfonts/cm/cmmi5.pfb></usr/share/texlive/texmf-dist/fonts/type1/public/amsfonts/cm/cmmi9.pfb></usr/share/texlive/texmf-dist/fonts/type1/public/amsfonts/cm/cmmib10.pfb></usr/share/texlive/texmf-dist/fonts/type1/public/amsfonts/cm/cmr10.pfb></usr/share/texlive/texmf-dist/fonts/type1/public/amsfonts/cm/cmr12.pfb></usr/share/texlive/texmf-dist/fonts/type1/public/amsfonts/cm/cmr6.pfb></usr/share/texlive/texmf-dist/fonts/type1/public/amsfonts/cm/cmr9.pfb></usr/share/texlive/texmf-dist/fonts/type1/public/amsfonts/cm/cmsy10.pfb></usr/share/texlive/texmf-dist/fonts/type1/public/amsfonts/cm/cmsy5.pfb></usr/share/texlive/texmf-dist/fonts/type1/public/amsfonts/cm/cmsy6.pfb></usr/share/texlive/texmf-dist/fonts/type1/public/amsfonts/cm/cmsy9.pfb></usr/share/texlive/texmf-dist/fonts/type1/public/amsfonts/symbols/msam10.pfb>
Output written on main.pdf (14 pages, 190601 bytes).

PDF statistics: 435 PDF objects out of 1000 (max. 8388607)
 353 compressed objects within 4 object streams
 39 named destinations out of 1000 (max. 131072)
 346 words of extra memory for PDF output out of 10000 (max. 100000000)

